2017-12-21 16:20:25.502  INFO 8948--- [  restartedMain] c.l.test.site.blog.mix.one.Application   48 : Starting Application on FRZHAO-LT with PID 8948 (C:\Users\frzhao\workspace\IdeaProjects\deviceManage\mix-one\target\classes started by frzhao in C:\Users\frzhao\workspace\IdeaProjects\deviceManage)
2017-12-21 16:20:25.514  INFO 8948--- [  restartedMain] c.l.test.site.blog.mix.one.Application   666 : The following profiles are active: dev
2017-12-21 16:20:26.156  INFO 8948--- [  restartedMain] ationConfigEmbeddedWebApplicationContext 582 : Refreshing org.springframework.boot.context.embedded.AnnotationConfigEmbeddedWebApplicationContext@3ee3f3c1: startup date [Thu Dec 21 16:20:26 CST 2017]; root of context hierarchy
2017-12-21 16:20:29.515  INFO 8948--- [  restartedMain] trationDelegate$BeanPostProcessorChecker 325 : Bean 'org.springframework.transaction.annotation.ProxyTransactionManagementConfiguration' of type [org.springframework.transaction.annotation.ProxyTransactionManagementConfiguration$$EnhancerBySpringCGLIB$$e13dbf43] is not eligible for getting processed by all BeanPostProcessors (for example: not eligible for auto-proxying)
2017-12-21 16:20:30.835  INFO 8948--- [  restartedMain] s.b.c.e.t.TomcatEmbeddedServletContainer 89 : Tomcat initialized with port(s): 8090 (http)
2017-12-21 16:20:30.860  INFO 8948--- [  restartedMain] o.apache.catalina.core.StandardService   179 : Starting service Tomcat
2017-12-21 16:20:30.863  INFO 8948--- [  restartedMain] org.apache.catalina.core.StandardEngine  179 : Starting Servlet Engine: Apache Tomcat/8.5.11
2017-12-21 16:20:31.103  INFO 8948--- [ost-startStop-1] o.a.c.c.C.[Tomcat].[localhost].[/]       179 : Initializing Spring embedded WebApplicationContext
2017-12-21 16:20:31.113  INFO 8948--- [ost-startStop-1] o.s.web.context.ContextLoader            276 : Root WebApplicationContext: initialization completed in 4957 ms
2017-12-21 16:20:31.736  INFO 8948--- [ost-startStop-1] o.s.b.w.servlet.FilterRegistrationBean   258 : Mapping filter: 'metricsFilter' to: [/*]
2017-12-21 16:20:31.737  INFO 8948--- [ost-startStop-1] o.s.b.w.servlet.FilterRegistrationBean   258 : Mapping filter: 'characterEncodingFilter' to: [/*]
2017-12-21 16:20:31.737  INFO 8948--- [ost-startStop-1] o.s.b.w.servlet.FilterRegistrationBean   258 : Mapping filter: 'hiddenHttpMethodFilter' to: [/*]
2017-12-21 16:20:31.737  INFO 8948--- [ost-startStop-1] o.s.b.w.servlet.FilterRegistrationBean   258 : Mapping filter: 'httpPutFormContentFilter' to: [/*]
2017-12-21 16:20:31.737  INFO 8948--- [ost-startStop-1] o.s.b.w.servlet.FilterRegistrationBean   258 : Mapping filter: 'requestContextFilter' to: [/*]
2017-12-21 16:20:31.739  INFO 8948--- [ost-startStop-1] .s.DelegatingFilterProxyRegistrationBean 258 : Mapping filter: 'springSecurityFilterChain' to: [/*]
2017-12-21 16:20:31.740  INFO 8948--- [ost-startStop-1] o.s.b.w.servlet.FilterRegistrationBean   258 : Mapping filter: 'webRequestLoggingFilter' to: [/*]
2017-12-21 16:20:31.740  INFO 8948--- [ost-startStop-1] o.s.b.w.servlet.FilterRegistrationBean   258 : Mapping filter: 'applicationContextIdFilter' to: [/*]
2017-12-21 16:20:31.741  INFO 8948--- [ost-startStop-1] o.s.b.w.servlet.ServletRegistrationBean  190 : Mapping servlet: 'dispatcherServlet' to [/]
2017-12-21 16:20:32.306  INFO 8948--- [  restartedMain] j.LocalContainerEntityManagerFactoryBean 349 : Building JPA container EntityManagerFactory for persistence unit 'default'
2017-12-21 16:20:32.346  INFO 8948--- [  restartedMain] o.hibernate.jpa.internal.util.LogHelper  31 : HHH000204: Processing PersistenceUnitInfo [
	name: default
	...]
2017-12-21 16:20:32.540  INFO 8948--- [  restartedMain] org.hibernate.Version                    37 : HHH000412: Hibernate Core {5.0.12.Final}
2017-12-21 16:20:32.540  INFO 8948--- [  restartedMain] org.hibernate.cfg.Environment            213 : HHH000206: hibernate.properties not found
2017-12-21 16:20:32.550  INFO 8948--- [  restartedMain] org.hibernate.cfg.Environment            317 : HHH000021: Bytecode provider name : javassist
2017-12-21 16:20:32.608  INFO 8948--- [  restartedMain] o.hibernate.annotations.common.Version   66 : HCANN000001: Hibernate Commons Annotations {5.0.1.Final}
2017-12-21 16:20:33.133  INFO 8948--- [  restartedMain] org.hibernate.dialect.Dialect            156 : HHH000400: Using dialect: org.hibernate.dialect.MySQL5Dialect
2017-12-21 16:20:33.875  INFO 8948--- [  restartedMain] org.hibernate.tool.hbm2ddl.SchemaUpdate  105 : HHH000228: Running hbm2ddl schema update
2017-12-21 16:20:34.055  INFO 8948--- [  restartedMain] j.LocalContainerEntityManagerFactoryBean 379 : Initialized JPA EntityManagerFactory for persistence unit 'default'
2017-12-21 16:20:34.547  INFO 8948--- [  restartedMain] o.h.h.i.QueryTranslatorFactoryInitiator  47 : HHH000397: Using ASTQueryTranslatorFactory
2017-12-21 16:20:35.921  INFO 8948--- [  restartedMain] o.s.s.c.ThreadPoolTaskScheduler          165 : Initializing ExecutorService 
2017-12-21 16:20:36.187  INFO 8948--- [  restartedMain] o.s.s.web.DefaultSecurityFilterChain     43 : Creating filter chain: OrRequestMatcher [requestMatchers=[Ant [pattern='/css/**'], Ant [pattern='/js/**'], Ant [pattern='/images/**'], Ant [pattern='/webjars/**'], Ant [pattern='/**/favicon.ico'], Ant [pattern='/error']]], []
2017-12-21 16:20:36.306  INFO 8948--- [  restartedMain] o.s.s.web.DefaultSecurityFilterChain     43 : Creating filter chain: org.springframework.security.web.util.matcher.AnyRequestMatcher@1, [org.springframework.security.web.context.request.async.WebAsyncManagerIntegrationFilter@4c396d92, org.springframework.security.web.context.SecurityContextPersistenceFilter@3d72a051, org.springframework.security.web.header.HeaderWriterFilter@3a87674c, org.springframework.security.web.csrf.CsrfFilter@33b2498d, org.springframework.security.web.authentication.logout.LogoutFilter@396020d9, org.springframework.security.web.authentication.UsernamePasswordAuthenticationFilter@346dc482, org.springframework.security.web.savedrequest.RequestCacheAwareFilter@5621844d, org.springframework.security.web.servletapi.SecurityContextHolderAwareRequestFilter@f29f0a0, org.springframework.security.web.authentication.AnonymousAuthenticationFilter@464361b4, org.springframework.security.web.session.SessionManagementFilter@551175f8, org.springframework.security.web.access.ExceptionTranslationFilter@313ba50d, org.springframework.security.web.access.intercept.FilterSecurityInterceptor@716f3169]
2017-12-21 16:20:36.326  INFO 8948--- [  restartedMain] o.s.s.web.DefaultSecurityFilterChain     43 : Creating filter chain: org.springframework.boot.actuate.autoconfigure.ManagementWebSecurityAutoConfiguration$LazyEndpointPathRequestMatcher@147dd248, [org.springframework.security.web.context.request.async.WebAsyncManagerIntegrationFilter@5835165, org.springframework.security.web.context.SecurityContextPersistenceFilter@4719d375, org.springframework.security.web.header.HeaderWriterFilter@62a81280, org.springframework.security.web.authentication.logout.LogoutFilter@69355cf1, org.springframework.security.web.authentication.www.BasicAuthenticationFilter@c19ee5d, org.springframework.security.web.savedrequest.RequestCacheAwareFilter@612ef669, org.springframework.security.web.servletapi.SecurityContextHolderAwareRequestFilter@4330c4de, org.springframework.security.web.authentication.AnonymousAuthenticationFilter@462b2c8e, org.springframework.security.web.session.SessionManagementFilter@44ee3bca, org.springframework.security.web.access.ExceptionTranslationFilter@1bb7b4d3, org.springframework.security.web.access.intercept.FilterSecurityInterceptor@5d199edc]
2017-12-21 16:20:36.466  INFO 8948--- [  restartedMain] s.w.s.m.m.a.RequestMappingHandlerAdapter 534 : Looking for @ControllerAdvice: org.springframework.boot.context.embedded.AnnotationConfigEmbeddedWebApplicationContext@3ee3f3c1: startup date [Thu Dec 21 16:20:26 CST 2017]; root of context hierarchy
2017-12-21 16:20:36.586  INFO 8948--- [  restartedMain] s.w.s.m.m.a.RequestMappingHandlerMapping 543 : Mapped "{[/home]}" onto public java.lang.String com.lalin.test.site.blog.mix.one.controller.IndexController.register(org.springframework.ui.Model)
2017-12-21 16:20:36.586  INFO 8948--- [  restartedMain] s.w.s.m.m.a.RequestMappingHandlerMapping 543 : Mapped "{[/],methods=[GET || POST]}" onto public java.lang.String com.lalin.test.site.blog.mix.one.controller.IndexController.root()
2017-12-21 16:20:36.586  INFO 8948--- [  restartedMain] s.w.s.m.m.a.RequestMappingHandlerMapping 543 : Mapped "{[/index],methods=[GET]}" onto public java.lang.String com.lalin.test.site.blog.mix.one.controller.IndexController.home(org.springframework.ui.Model)
2017-12-21 16:20:36.586  INFO 8948--- [  restartedMain] s.w.s.m.m.a.RequestMappingHandlerMapping 543 : Mapped "{[/login]}" onto public java.lang.String com.lalin.test.site.blog.mix.one.controller.IndexController.login()
2017-12-21 16:20:36.586  INFO 8948--- [  restartedMain] s.w.s.m.m.a.RequestMappingHandlerMapping 543 : Mapped "{[/haveLog]}" onto public java.lang.String com.lalin.test.site.blog.mix.one.controller.IndexController.haveLog()
2017-12-21 16:20:36.586  INFO 8948--- [  restartedMain] s.w.s.m.m.a.RequestMappingHandlerMapping 543 : Mapped "{[/login-error]}" onto public java.lang.String com.lalin.test.site.blog.mix.one.controller.IndexController.loginError(org.springframework.ui.Model)
2017-12-21 16:20:36.596  INFO 8948--- [  restartedMain] s.w.s.m.m.a.RequestMappingHandlerMapping 543 : Mapped "{[/admin/groupBy || /admin/groupBy/{current}]}" onto public java.lang.String com.lalin.test.site.blog.mix.one.controller.ProbeController.filterByType(org.springframework.ui.Model,java.lang.Integer)
2017-12-21 16:20:36.596  INFO 8948--- [  restartedMain] s.w.s.m.m.a.RequestMappingHandlerMapping 543 : Mapped "{[/admin/searchGroup]}" onto public org.springframework.http.ResponseEntity com.lalin.test.site.blog.mix.one.controller.ProbeController.probesByGroup(java.lang.String,org.springframework.ui.Model)
2017-12-21 16:20:36.596  INFO 8948--- [  restartedMain] s.w.s.m.m.a.RequestMappingHandlerMapping 543 : Mapped "{[/admin/return],methods=[POST]}" onto public synchronized org.springframework.http.ResponseEntity<java.lang.Integer> com.lalin.test.site.blog.mix.one.controller.ProbeController.ProbeReturn(java.lang.String)
2017-12-21 16:20:36.596  INFO 8948--- [  restartedMain] s.w.s.m.m.a.RequestMappingHandlerMapping 543 : Mapped "{[/admin/searchProbe]}" onto public java.lang.String com.lalin.test.site.blog.mix.one.controller.ProbeController.searchProbe(java.lang.String,org.springframework.ui.Model)
2017-12-21 16:20:36.596  INFO 8948--- [  restartedMain] s.w.s.m.m.a.RequestMappingHandlerMapping 543 : Mapped "{[/admin/borrowProbe],methods=[POST]}" onto public synchronized org.springframework.http.ResponseEntity com.lalin.test.site.blog.mix.one.controller.ProbeController.borrowProbe(java.lang.String,java.lang.String,java.lang.String,javax.servlet.http.HttpServletResponse) throws javax.mail.MessagingException,java.io.IOException
2017-12-21 16:20:36.596  INFO 8948--- [  restartedMain] s.w.s.m.m.a.RequestMappingHandlerMapping 543 : Mapped "{[/admin/email]}" onto public java.lang.String com.lalin.test.site.blog.mix.one.controller.ProbeController.emialLook(org.springframework.ui.Model)
2017-12-21 16:20:36.596  INFO 8948--- [  restartedMain] s.w.s.m.m.a.RequestMappingHandlerMapping 543 : Mapped "{[/find/{id}]}" onto public java.lang.String com.lalin.test.site.blog.mix.one.controller.UserController.find(java.lang.Integer)
2017-12-21 16:20:36.606  INFO 8948--- [  restartedMain] s.w.s.m.m.a.RequestMappingHandlerMapping 543 : Mapped "{[/findname/{name}]}" onto public java.lang.String com.lalin.test.site.blog.mix.one.controller.UserController.find(java.lang.String)
2017-12-21 16:20:36.606  INFO 8948--- [  restartedMain] s.w.s.m.m.a.RequestMappingHandlerMapping 543 : Mapped "{[/searchGroup]}" onto public java.lang.String com.lalin.test.site.blog.mix.one.controller.UserController.probesByGroup(java.lang.String,org.springframework.ui.Model)
2017-12-21 16:20:36.606  INFO 8948--- [  restartedMain] s.w.s.m.m.a.RequestMappingHandlerMapping 543 : Mapped "{[/searchProbe]}" onto public java.lang.String com.lalin.test.site.blog.mix.one.controller.UserController.searchProbe(java.lang.String,org.springframework.ui.Model)
2017-12-21 16:20:36.606  INFO 8948--- [  restartedMain] s.w.s.m.m.a.RequestMappingHandlerMapping 543 : Mapped "{[/register]}" onto public java.lang.String com.lalin.test.site.blog.mix.one.controller.UserController.userSave(java.lang.String,java.lang.String)
2017-12-21 16:20:36.606  INFO 8948--- [  restartedMain] s.w.s.m.m.a.RequestMappingHandlerMapping 543 : Mapped "{[/userNvidia]}" onto public java.lang.String com.lalin.test.site.blog.mix.one.controller.UserController.findNVidiaer(org.springframework.ui.Model)
2017-12-21 16:20:36.606  INFO 8948--- [  restartedMain] s.w.s.m.m.a.RequestMappingHandlerMapping 543 : Mapped "{[/bootLogin]}" onto public java.lang.String com.lalin.test.site.blog.mix.one.controller.UserController.bootLogin()
2017-12-21 16:20:36.606  INFO 8948--- [  restartedMain] s.w.s.m.m.a.RequestMappingHandlerMapping 543 : Mapped "{[/bootLogin2]}" onto public java.lang.String com.lalin.test.site.blog.mix.one.controller.UserController.bootLogin2()
2017-12-21 16:20:36.606  INFO 8948--- [  restartedMain] s.w.s.m.m.a.RequestMappingHandlerMapping 543 : Mapped "{[/bootLogin3]}" onto public java.lang.String com.lalin.test.site.blog.mix.one.controller.UserController.bootLogin3(org.springframework.ui.Model)
2017-12-21 16:20:36.606  INFO 8948--- [  restartedMain] s.w.s.m.m.a.RequestMappingHandlerMapping 543 : Mapped "{[/probeList/{current} || /probeList]}" onto public java.lang.String com.lalin.test.site.blog.mix.one.controller.UserController.ProbeList(org.springframework.ui.Model,java.lang.Integer)
2017-12-21 16:20:36.606  INFO 8948--- [  restartedMain] s.w.s.m.m.a.RequestMappingHandlerMapping 543 : Mapped "{[/probeListTest]}" onto public java.lang.String com.lalin.test.site.blog.mix.one.controller.UserController.ProbeListTest(org.springframework.ui.Model,java.lang.Integer)
2017-12-21 16:20:36.606  INFO 8948--- [  restartedMain] s.w.s.m.m.a.RequestMappingHandlerMapping 543 : Mapped "{[/add/probe],methods=[POST]}" onto public org.springframework.http.ResponseEntity com.lalin.test.site.blog.mix.one.controller.UserController.addPobe(java.lang.String,java.lang.String,java.lang.String,java.lang.String)
2017-12-21 16:20:36.606  INFO 8948--- [  restartedMain] s.w.s.m.m.a.RequestMappingHandlerMapping 543 : Mapped "{[/delete/probe],methods=[POST]}" onto public org.springframework.http.ResponseEntity com.lalin.test.site.blog.mix.one.controller.UserController.deleteProbe(java.lang.String)
2017-12-21 16:20:36.606  INFO 8948--- [  restartedMain] s.w.s.m.m.a.RequestMappingHandlerMapping 543 : Mapped "{[/userBorrow]}" onto public java.lang.String com.lalin.test.site.blog.mix.one.controller.UserController.findNVidiaBorrow(org.springframework.ui.Model)
2017-12-21 16:20:36.606  INFO 8948--- [  restartedMain] s.w.s.m.m.a.RequestMappingHandlerMapping 543 : Mapped "{[/borrowList]}" onto public java.lang.String com.lalin.test.site.blog.mix.one.controller.UserController.borrowList(org.springframework.ui.Model,javax.servlet.http.HttpServletRequest)
2017-12-21 16:20:36.606  INFO 8948--- [  restartedMain] s.w.s.m.m.a.RequestMappingHandlerMapping 543 : Mapped "{[/error]}" onto public org.springframework.http.ResponseEntity<java.util.Map<java.lang.String, java.lang.Object>> org.springframework.boot.autoconfigure.web.BasicErrorController.error(javax.servlet.http.HttpServletRequest)
2017-12-21 16:20:36.606  INFO 8948--- [  restartedMain] s.w.s.m.m.a.RequestMappingHandlerMapping 543 : Mapped "{[/error],produces=[text/html]}" onto public org.springframework.web.servlet.ModelAndView org.springframework.boot.autoconfigure.web.BasicErrorController.errorHtml(javax.servlet.http.HttpServletRequest,javax.servlet.http.HttpServletResponse)
2017-12-21 16:20:36.638  INFO 8948--- [  restartedMain] o.s.w.s.handler.SimpleUrlHandlerMapping  362 : Mapped URL path [/webjars/**] onto handler of type [class org.springframework.web.servlet.resource.ResourceHttpRequestHandler]
2017-12-21 16:20:36.638  INFO 8948--- [  restartedMain] o.s.w.s.handler.SimpleUrlHandlerMapping  362 : Mapped URL path [/**] onto handler of type [class org.springframework.web.servlet.resource.ResourceHttpRequestHandler]
2017-12-21 16:20:36.715  INFO 8948--- [  restartedMain] o.s.w.s.handler.SimpleUrlHandlerMapping  362 : Mapped URL path [/**/favicon.ico] onto handler of type [class org.springframework.web.servlet.resource.ResourceHttpRequestHandler]
2017-12-21 16:20:37.727  INFO 8948--- [  restartedMain] o.s.b.a.e.mvc.EndpointHandlerMapping     543 : Mapped "{[/info || /info.json],methods=[GET],produces=[application/json]}" onto public java.lang.Object org.springframework.boot.actuate.endpoint.mvc.EndpointMvcAdapter.invoke()
2017-12-21 16:20:37.728  INFO 8948--- [  restartedMain] o.s.b.a.e.mvc.EndpointHandlerMapping     543 : Mapped "{[/health || /health.json],produces=[application/json]}" onto public java.lang.Object org.springframework.boot.actuate.endpoint.mvc.HealthMvcEndpoint.invoke(java.security.Principal)
2017-12-21 16:20:38.066  INFO 8948--- [  restartedMain] o.s.b.d.a.OptionalLiveReloadServer       58 : LiveReload server is running on port 35729
2017-12-21 16:20:38.156  INFO 8948--- [  restartedMain] o.s.j.e.a.AnnotationMBeanExporter        431 : Registering beans for JMX exposure on startup
2017-12-21 16:20:38.176  INFO 8948--- [  restartedMain] o.s.c.support.DefaultLifecycleProcessor  343 : Starting beans in phase 0
2017-12-21 16:20:38.536  INFO 8948--- [  restartedMain] s.b.c.e.t.TomcatEmbeddedServletContainer 198 : Tomcat started on port(s): 8090 (http)
2017-12-21 16:20:38.546  INFO 8948--- [  restartedMain] c.l.test.site.blog.mix.one.Application   57 : Started Application in 14.414 seconds (JVM running for 15.473)
2017-12-21 16:49:52.438  INFO 8172--- [  restartedMain] c.l.test.site.blog.mix.one.Application   48 : Starting Application on FRZHAO-LT with PID 8172 (C:\Users\frzhao\workspace\IdeaProjects\deviceManage\mix-one\target\classes started by frzhao in C:\Users\frzhao\workspace\IdeaProjects\deviceManage)
2017-12-21 16:49:52.462  INFO 8172--- [  restartedMain] c.l.test.site.blog.mix.one.Application   666 : The following profiles are active: dev
2017-12-21 16:49:52.899  INFO 8172--- [  restartedMain] ationConfigEmbeddedWebApplicationContext 582 : Refreshing org.springframework.boot.context.embedded.AnnotationConfigEmbeddedWebApplicationContext@9bde2d7: startup date [Thu Dec 21 16:49:52 CST 2017]; root of context hierarchy
2017-12-21 16:49:56.363  INFO 8172--- [  restartedMain] trationDelegate$BeanPostProcessorChecker 325 : Bean 'org.springframework.transaction.annotation.ProxyTransactionManagementConfiguration' of type [org.springframework.transaction.annotation.ProxyTransactionManagementConfiguration$$EnhancerBySpringCGLIB$$1a3e5f34] is not eligible for getting processed by all BeanPostProcessors (for example: not eligible for auto-proxying)
2017-12-21 16:49:57.458  INFO 8172--- [  restartedMain] s.b.c.e.t.TomcatEmbeddedServletContainer 89 : Tomcat initialized with port(s): 8090 (http)
2017-12-21 16:49:57.478  INFO 8172--- [  restartedMain] o.apache.catalina.core.StandardService   179 : Starting service Tomcat
2017-12-21 16:49:57.488  INFO 8172--- [  restartedMain] org.apache.catalina.core.StandardEngine  179 : Starting Servlet Engine: Apache Tomcat/8.5.11
2017-12-21 16:49:57.628  INFO 8172--- [ost-startStop-1] o.a.c.c.C.[Tomcat].[localhost].[/]       179 : Initializing Spring embedded WebApplicationContext
2017-12-21 16:49:57.628  INFO 8172--- [ost-startStop-1] o.s.web.context.ContextLoader            276 : Root WebApplicationContext: initialization completed in 4729 ms
2017-12-21 16:49:58.109  INFO 8172--- [ost-startStop-1] o.s.b.w.servlet.FilterRegistrationBean   258 : Mapping filter: 'metricsFilter' to: [/*]
2017-12-21 16:49:58.119  INFO 8172--- [ost-startStop-1] o.s.b.w.servlet.FilterRegistrationBean   258 : Mapping filter: 'characterEncodingFilter' to: [/*]
2017-12-21 16:49:58.129  INFO 8172--- [ost-startStop-1] o.s.b.w.servlet.FilterRegistrationBean   258 : Mapping filter: 'hiddenHttpMethodFilter' to: [/*]
2017-12-21 16:49:58.129  INFO 8172--- [ost-startStop-1] o.s.b.w.servlet.FilterRegistrationBean   258 : Mapping filter: 'httpPutFormContentFilter' to: [/*]
2017-12-21 16:49:58.129  INFO 8172--- [ost-startStop-1] o.s.b.w.servlet.FilterRegistrationBean   258 : Mapping filter: 'requestContextFilter' to: [/*]
2017-12-21 16:49:58.129  INFO 8172--- [ost-startStop-1] .s.DelegatingFilterProxyRegistrationBean 258 : Mapping filter: 'springSecurityFilterChain' to: [/*]
2017-12-21 16:49:58.129  INFO 8172--- [ost-startStop-1] o.s.b.w.servlet.FilterRegistrationBean   258 : Mapping filter: 'webRequestLoggingFilter' to: [/*]
2017-12-21 16:49:58.129  INFO 8172--- [ost-startStop-1] o.s.b.w.servlet.FilterRegistrationBean   258 : Mapping filter: 'applicationContextIdFilter' to: [/*]
2017-12-21 16:49:58.129  INFO 8172--- [ost-startStop-1] o.s.b.w.servlet.ServletRegistrationBean  190 : Mapping servlet: 'dispatcherServlet' to [/]
2017-12-21 16:49:58.535  INFO 8172--- [  restartedMain] j.LocalContainerEntityManagerFactoryBean 349 : Building JPA container EntityManagerFactory for persistence unit 'default'
2017-12-21 16:49:58.717  INFO 8172--- [  restartedMain] o.hibernate.jpa.internal.util.LogHelper  31 : HHH000204: Processing PersistenceUnitInfo [
	name: default
	...]
2017-12-21 16:49:58.881  INFO 8172--- [  restartedMain] org.hibernate.Version                    37 : HHH000412: Hibernate Core {5.0.12.Final}
2017-12-21 16:49:58.881  INFO 8172--- [  restartedMain] org.hibernate.cfg.Environment            213 : HHH000206: hibernate.properties not found
2017-12-21 16:49:58.881  INFO 8172--- [  restartedMain] org.hibernate.cfg.Environment            317 : HHH000021: Bytecode provider name : javassist
2017-12-21 16:49:58.931  INFO 8172--- [  restartedMain] o.hibernate.annotations.common.Version   66 : HCANN000001: Hibernate Commons Annotations {5.0.1.Final}
2017-12-21 16:49:59.421  INFO 8172--- [  restartedMain] org.hibernate.dialect.Dialect            156 : HHH000400: Using dialect: org.hibernate.dialect.MySQL5Dialect
2017-12-21 16:50:00.061  INFO 8172--- [  restartedMain] org.hibernate.tool.hbm2ddl.SchemaUpdate  105 : HHH000228: Running hbm2ddl schema update
2017-12-21 16:50:00.331  INFO 8172--- [  restartedMain] j.LocalContainerEntityManagerFactoryBean 379 : Initialized JPA EntityManagerFactory for persistence unit 'default'
2017-12-21 16:50:00.653  INFO 8172--- [  restartedMain] o.h.h.i.QueryTranslatorFactoryInitiator  47 : HHH000397: Using ASTQueryTranslatorFactory
2017-12-21 16:50:02.083  INFO 8172--- [  restartedMain] o.s.s.c.ThreadPoolTaskScheduler          165 : Initializing ExecutorService 
2017-12-21 16:50:02.305  INFO 8172--- [  restartedMain] o.s.s.web.DefaultSecurityFilterChain     43 : Creating filter chain: OrRequestMatcher [requestMatchers=[Ant [pattern='/css/**'], Ant [pattern='/js/**'], Ant [pattern='/images/**'], Ant [pattern='/webjars/**'], Ant [pattern='/**/favicon.ico'], Ant [pattern='/error']]], []
2017-12-21 16:50:02.431  INFO 8172--- [  restartedMain] o.s.s.web.DefaultSecurityFilterChain     43 : Creating filter chain: org.springframework.security.web.util.matcher.AnyRequestMatcher@1, [org.springframework.security.web.context.request.async.WebAsyncManagerIntegrationFilter@1ccd4ff0, org.springframework.security.web.context.SecurityContextPersistenceFilter@34564728, org.springframework.security.web.header.HeaderWriterFilter@19066dc2, org.springframework.security.web.csrf.CsrfFilter@13fcccb9, org.springframework.security.web.authentication.logout.LogoutFilter@4fb1845f, org.springframework.security.web.authentication.UsernamePasswordAuthenticationFilter@148e0116, org.springframework.security.web.savedrequest.RequestCacheAwareFilter@343a11f9, org.springframework.security.web.servletapi.SecurityContextHolderAwareRequestFilter@1b7142b4, org.springframework.security.web.authentication.AnonymousAuthenticationFilter@2b9d874b, org.springframework.security.web.session.SessionManagementFilter@43b2c9fe, org.springframework.security.web.access.ExceptionTranslationFilter@5d55a3e3, org.springframework.security.web.access.intercept.FilterSecurityInterceptor@4df1fda1]
2017-12-21 16:50:02.461  INFO 8172--- [  restartedMain] o.s.s.web.DefaultSecurityFilterChain     43 : Creating filter chain: org.springframework.boot.actuate.autoconfigure.ManagementWebSecurityAutoConfiguration$LazyEndpointPathRequestMatcher@4ceeeab0, [org.springframework.security.web.context.request.async.WebAsyncManagerIntegrationFilter@7485378f, org.springframework.security.web.context.SecurityContextPersistenceFilter@145758f2, org.springframework.security.web.header.HeaderWriterFilter@3c0634bd, org.springframework.security.web.authentication.logout.LogoutFilter@6ff3b474, org.springframework.security.web.authentication.www.BasicAuthenticationFilter@75cde684, org.springframework.security.web.savedrequest.RequestCacheAwareFilter@665519d5, org.springframework.security.web.servletapi.SecurityContextHolderAwareRequestFilter@6bfb7a7e, org.springframework.security.web.authentication.AnonymousAuthenticationFilter@6e66065d, org.springframework.security.web.session.SessionManagementFilter@2a59dbdf, org.springframework.security.web.access.ExceptionTranslationFilter@10ec538e, org.springframework.security.web.access.intercept.FilterSecurityInterceptor@4d2ebfb5]
2017-12-21 16:50:02.659  INFO 8172--- [  restartedMain] s.w.s.m.m.a.RequestMappingHandlerAdapter 534 : Looking for @ControllerAdvice: org.springframework.boot.context.embedded.AnnotationConfigEmbeddedWebApplicationContext@9bde2d7: startup date [Thu Dec 21 16:49:52 CST 2017]; root of context hierarchy
2017-12-21 16:50:02.786  INFO 8172--- [  restartedMain] s.w.s.m.m.a.RequestMappingHandlerMapping 543 : Mapped "{[/home]}" onto public java.lang.String com.lalin.test.site.blog.mix.one.controller.IndexController.register(org.springframework.ui.Model)
2017-12-21 16:50:02.786  INFO 8172--- [  restartedMain] s.w.s.m.m.a.RequestMappingHandlerMapping 543 : Mapped "{[/],methods=[GET || POST]}" onto public java.lang.String com.lalin.test.site.blog.mix.one.controller.IndexController.root()
2017-12-21 16:50:02.786  INFO 8172--- [  restartedMain] s.w.s.m.m.a.RequestMappingHandlerMapping 543 : Mapped "{[/index],methods=[GET]}" onto public java.lang.String com.lalin.test.site.blog.mix.one.controller.IndexController.home(org.springframework.ui.Model)
2017-12-21 16:50:02.786  INFO 8172--- [  restartedMain] s.w.s.m.m.a.RequestMappingHandlerMapping 543 : Mapped "{[/login-error]}" onto public java.lang.String com.lalin.test.site.blog.mix.one.controller.IndexController.loginError(org.springframework.ui.Model)
2017-12-21 16:50:02.786  INFO 8172--- [  restartedMain] s.w.s.m.m.a.RequestMappingHandlerMapping 543 : Mapped "{[/login]}" onto public java.lang.String com.lalin.test.site.blog.mix.one.controller.IndexController.login()
2017-12-21 16:50:02.786  INFO 8172--- [  restartedMain] s.w.s.m.m.a.RequestMappingHandlerMapping 543 : Mapped "{[/haveLog]}" onto public java.lang.String com.lalin.test.site.blog.mix.one.controller.IndexController.haveLog()
2017-12-21 16:50:02.796  INFO 8172--- [  restartedMain] s.w.s.m.m.a.RequestMappingHandlerMapping 543 : Mapped "{[/admin/groupBy || /admin/groupBy/{current}]}" onto public java.lang.String com.lalin.test.site.blog.mix.one.controller.ProbeController.filterByType(org.springframework.ui.Model,java.lang.Integer)
2017-12-21 16:50:02.796  INFO 8172--- [  restartedMain] s.w.s.m.m.a.RequestMappingHandlerMapping 543 : Mapped "{[/admin/searchGroup]}" onto public org.springframework.http.ResponseEntity com.lalin.test.site.blog.mix.one.controller.ProbeController.probesByGroup(java.lang.String,org.springframework.ui.Model)
2017-12-21 16:50:02.796  INFO 8172--- [  restartedMain] s.w.s.m.m.a.RequestMappingHandlerMapping 543 : Mapped "{[/admin/return],methods=[POST]}" onto public synchronized org.springframework.http.ResponseEntity<java.lang.Integer> com.lalin.test.site.blog.mix.one.controller.ProbeController.ProbeReturn(java.lang.String)
2017-12-21 16:50:02.796  INFO 8172--- [  restartedMain] s.w.s.m.m.a.RequestMappingHandlerMapping 543 : Mapped "{[/admin/searchProbe]}" onto public java.lang.String com.lalin.test.site.blog.mix.one.controller.ProbeController.searchProbe(java.lang.String,org.springframework.ui.Model)
2017-12-21 16:50:02.796  INFO 8172--- [  restartedMain] s.w.s.m.m.a.RequestMappingHandlerMapping 543 : Mapped "{[/admin/borrowProbe],methods=[POST]}" onto public synchronized org.springframework.http.ResponseEntity com.lalin.test.site.blog.mix.one.controller.ProbeController.borrowProbe(java.lang.String,java.lang.String,java.lang.String,javax.servlet.http.HttpServletResponse) throws javax.mail.MessagingException,java.io.IOException
2017-12-21 16:50:02.796  INFO 8172--- [  restartedMain] s.w.s.m.m.a.RequestMappingHandlerMapping 543 : Mapped "{[/admin/email]}" onto public java.lang.String com.lalin.test.site.blog.mix.one.controller.ProbeController.emialLook(org.springframework.ui.Model)
2017-12-21 16:50:02.797  INFO 8172--- [  restartedMain] s.w.s.m.m.a.RequestMappingHandlerMapping 543 : Mapped "{[/find/{id}]}" onto public java.lang.String com.lalin.test.site.blog.mix.one.controller.UserController.find(java.lang.Integer)
2017-12-21 16:50:02.797  INFO 8172--- [  restartedMain] s.w.s.m.m.a.RequestMappingHandlerMapping 543 : Mapped "{[/findname/{name}]}" onto public java.lang.String com.lalin.test.site.blog.mix.one.controller.UserController.find(java.lang.String)
2017-12-21 16:50:02.797  INFO 8172--- [  restartedMain] s.w.s.m.m.a.RequestMappingHandlerMapping 543 : Mapped "{[/searchGroup]}" onto public java.lang.String com.lalin.test.site.blog.mix.one.controller.UserController.probesByGroup(java.lang.String,org.springframework.ui.Model)
2017-12-21 16:50:02.797  INFO 8172--- [  restartedMain] s.w.s.m.m.a.RequestMappingHandlerMapping 543 : Mapped "{[/searchProbe]}" onto public java.lang.String com.lalin.test.site.blog.mix.one.controller.UserController.searchProbe(java.lang.String,org.springframework.ui.Model)
2017-12-21 16:50:02.797  INFO 8172--- [  restartedMain] s.w.s.m.m.a.RequestMappingHandlerMapping 543 : Mapped "{[/register]}" onto public java.lang.String com.lalin.test.site.blog.mix.one.controller.UserController.userSave(java.lang.String,java.lang.String)
2017-12-21 16:50:02.797  INFO 8172--- [  restartedMain] s.w.s.m.m.a.RequestMappingHandlerMapping 543 : Mapped "{[/userNvidia]}" onto public java.lang.String com.lalin.test.site.blog.mix.one.controller.UserController.findNVidiaer(org.springframework.ui.Model)
2017-12-21 16:50:02.797  INFO 8172--- [  restartedMain] s.w.s.m.m.a.RequestMappingHandlerMapping 543 : Mapped "{[/bootLogin]}" onto public java.lang.String com.lalin.test.site.blog.mix.one.controller.UserController.bootLogin()
2017-12-21 16:50:02.797  INFO 8172--- [  restartedMain] s.w.s.m.m.a.RequestMappingHandlerMapping 543 : Mapped "{[/bootLogin2]}" onto public java.lang.String com.lalin.test.site.blog.mix.one.controller.UserController.bootLogin2()
2017-12-21 16:50:02.797  INFO 8172--- [  restartedMain] s.w.s.m.m.a.RequestMappingHandlerMapping 543 : Mapped "{[/bootLogin3]}" onto public java.lang.String com.lalin.test.site.blog.mix.one.controller.UserController.bootLogin3(org.springframework.ui.Model)
2017-12-21 16:50:02.797  INFO 8172--- [  restartedMain] s.w.s.m.m.a.RequestMappingHandlerMapping 543 : Mapped "{[/probeList/{current} || /probeList]}" onto public java.lang.String com.lalin.test.site.blog.mix.one.controller.UserController.ProbeList(org.springframework.ui.Model,java.lang.Integer)
2017-12-21 16:50:02.797  INFO 8172--- [  restartedMain] s.w.s.m.m.a.RequestMappingHandlerMapping 543 : Mapped "{[/probeListTest]}" onto public java.lang.String com.lalin.test.site.blog.mix.one.controller.UserController.ProbeListTest(org.springframework.ui.Model,java.lang.Integer)
2017-12-21 16:50:02.797  INFO 8172--- [  restartedMain] s.w.s.m.m.a.RequestMappingHandlerMapping 543 : Mapped "{[/add/probe],methods=[POST]}" onto public org.springframework.http.ResponseEntity com.lalin.test.site.blog.mix.one.controller.UserController.addPobe(java.lang.String,java.lang.String,java.lang.String,java.lang.String)
2017-12-21 16:50:02.797  INFO 8172--- [  restartedMain] s.w.s.m.m.a.RequestMappingHandlerMapping 543 : Mapped "{[/delete/probe],methods=[POST]}" onto public org.springframework.http.ResponseEntity com.lalin.test.site.blog.mix.one.controller.UserController.deleteProbe(java.lang.String)
2017-12-21 16:50:02.797  INFO 8172--- [  restartedMain] s.w.s.m.m.a.RequestMappingHandlerMapping 543 : Mapped "{[/userBorrow]}" onto public java.lang.String com.lalin.test.site.blog.mix.one.controller.UserController.findNVidiaBorrow(org.springframework.ui.Model)
2017-12-21 16:50:02.797  INFO 8172--- [  restartedMain] s.w.s.m.m.a.RequestMappingHandlerMapping 543 : Mapped "{[/borrowList]}" onto public java.lang.String com.lalin.test.site.blog.mix.one.controller.UserController.borrowList(org.springframework.ui.Model,javax.servlet.http.HttpServletRequest)
2017-12-21 16:50:02.798  INFO 8172--- [  restartedMain] s.w.s.m.m.a.RequestMappingHandlerMapping 543 : Mapped "{[/error]}" onto public org.springframework.http.ResponseEntity<java.util.Map<java.lang.String, java.lang.Object>> org.springframework.boot.autoconfigure.web.BasicErrorController.error(javax.servlet.http.HttpServletRequest)
2017-12-21 16:50:02.799  INFO 8172--- [  restartedMain] s.w.s.m.m.a.RequestMappingHandlerMapping 543 : Mapped "{[/error],produces=[text/html]}" onto public org.springframework.web.servlet.ModelAndView org.springframework.boot.autoconfigure.web.BasicErrorController.errorHtml(javax.servlet.http.HttpServletRequest,javax.servlet.http.HttpServletResponse)
2017-12-21 16:50:02.845  INFO 8172--- [  restartedMain] o.s.w.s.handler.SimpleUrlHandlerMapping  362 : Mapped URL path [/webjars/**] onto handler of type [class org.springframework.web.servlet.resource.ResourceHttpRequestHandler]
2017-12-21 16:50:02.846  INFO 8172--- [  restartedMain] o.s.w.s.handler.SimpleUrlHandlerMapping  362 : Mapped URL path [/**] onto handler of type [class org.springframework.web.servlet.resource.ResourceHttpRequestHandler]
2017-12-21 16:50:02.909  INFO 8172--- [  restartedMain] o.s.w.s.handler.SimpleUrlHandlerMapping  362 : Mapped URL path [/**/favicon.ico] onto handler of type [class org.springframework.web.servlet.resource.ResourceHttpRequestHandler]
2017-12-21 16:50:03.504  INFO 8172--- [  restartedMain] o.s.b.a.e.mvc.EndpointHandlerMapping     543 : Mapped "{[/health || /health.json],produces=[application/json]}" onto public java.lang.Object org.springframework.boot.actuate.endpoint.mvc.HealthMvcEndpoint.invoke(java.security.Principal)
2017-12-21 16:50:03.504  INFO 8172--- [  restartedMain] o.s.b.a.e.mvc.EndpointHandlerMapping     543 : Mapped "{[/info || /info.json],methods=[GET],produces=[application/json]}" onto public java.lang.Object org.springframework.boot.actuate.endpoint.mvc.EndpointMvcAdapter.invoke()
2017-12-21 16:50:03.678  INFO 8172--- [  restartedMain] o.s.b.d.a.OptionalLiveReloadServer       58 : LiveReload server is running on port 35729
2017-12-21 16:50:03.787  INFO 8172--- [  restartedMain] o.s.j.e.a.AnnotationMBeanExporter        431 : Registering beans for JMX exposure on startup
2017-12-21 16:50:03.807  INFO 8172--- [  restartedMain] o.s.c.support.DefaultLifecycleProcessor  343 : Starting beans in phase 0
2017-12-21 16:50:03.962  INFO 8172--- [  restartedMain] s.b.c.e.t.TomcatEmbeddedServletContainer 198 : Tomcat started on port(s): 8090 (http)
2017-12-21 16:50:03.976  INFO 8172--- [  restartedMain] c.l.test.site.blog.mix.one.Application   57 : Started Application in 12.721 seconds (JVM running for 13.792)
2017-12-21 17:58:52.455  INFO 3724--- [  restartedMain] c.l.test.site.blog.mix.one.Application   48 : Starting Application on FRZHAO-LT with PID 3724 (C:\Users\frzhao\workspace\IdeaProjects\deviceManage\mix-one\target\classes started by frzhao in C:\Users\frzhao\workspace\IdeaProjects\deviceManage)
2017-12-21 17:58:52.461  INFO 3724--- [  restartedMain] c.l.test.site.blog.mix.one.Application   666 : The following profiles are active: dev
2017-12-21 17:58:53.055  INFO 3724--- [  restartedMain] ationConfigEmbeddedWebApplicationContext 582 : Refreshing org.springframework.boot.context.embedded.AnnotationConfigEmbeddedWebApplicationContext@3cbbc9cb: startup date [Thu Dec 21 17:58:53 CST 2017]; root of context hierarchy
2017-12-21 17:58:57.420  INFO 3724--- [  restartedMain] trationDelegate$BeanPostProcessorChecker 325 : Bean 'org.springframework.transaction.annotation.ProxyTransactionManagementConfiguration' of type [org.springframework.transaction.annotation.ProxyTransactionManagementConfiguration$$EnhancerBySpringCGLIB$$5b4484a6] is not eligible for getting processed by all BeanPostProcessors (for example: not eligible for auto-proxying)
2017-12-21 17:58:58.926  INFO 3724--- [  restartedMain] s.b.c.e.t.TomcatEmbeddedServletContainer 89 : Tomcat initialized with port(s): 8090 (http)
2017-12-21 17:58:58.948  INFO 3724--- [  restartedMain] o.apache.catalina.core.StandardService   179 : Starting service Tomcat
2017-12-21 17:58:58.950  INFO 3724--- [  restartedMain] org.apache.catalina.core.StandardEngine  179 : Starting Servlet Engine: Apache Tomcat/8.5.11
2017-12-21 17:58:59.185  INFO 3724--- [ost-startStop-1] o.a.c.c.C.[Tomcat].[localhost].[/]       179 : Initializing Spring embedded WebApplicationContext
2017-12-21 17:58:59.188  INFO 3724--- [ost-startStop-1] o.s.web.context.ContextLoader            276 : Root WebApplicationContext: initialization completed in 6133 ms
2017-12-21 17:58:59.738  INFO 3724--- [ost-startStop-1] o.s.b.w.servlet.FilterRegistrationBean   258 : Mapping filter: 'metricsFilter' to: [/*]
2017-12-21 17:58:59.739  INFO 3724--- [ost-startStop-1] o.s.b.w.servlet.FilterRegistrationBean   258 : Mapping filter: 'characterEncodingFilter' to: [/*]
2017-12-21 17:58:59.739  INFO 3724--- [ost-startStop-1] o.s.b.w.servlet.FilterRegistrationBean   258 : Mapping filter: 'hiddenHttpMethodFilter' to: [/*]
2017-12-21 17:58:59.740  INFO 3724--- [ost-startStop-1] o.s.b.w.servlet.FilterRegistrationBean   258 : Mapping filter: 'httpPutFormContentFilter' to: [/*]
2017-12-21 17:58:59.740  INFO 3724--- [ost-startStop-1] o.s.b.w.servlet.FilterRegistrationBean   258 : Mapping filter: 'requestContextFilter' to: [/*]
2017-12-21 17:58:59.742  INFO 3724--- [ost-startStop-1] .s.DelegatingFilterProxyRegistrationBean 258 : Mapping filter: 'springSecurityFilterChain' to: [/*]
2017-12-21 17:58:59.742  INFO 3724--- [ost-startStop-1] o.s.b.w.servlet.FilterRegistrationBean   258 : Mapping filter: 'webRequestLoggingFilter' to: [/*]
2017-12-21 17:58:59.743  INFO 3724--- [ost-startStop-1] o.s.b.w.servlet.FilterRegistrationBean   258 : Mapping filter: 'applicationContextIdFilter' to: [/*]
2017-12-21 17:58:59.743  INFO 3724--- [ost-startStop-1] o.s.b.w.servlet.ServletRegistrationBean  190 : Mapping servlet: 'dispatcherServlet' to [/]
2017-12-21 17:59:00.201  INFO 3724--- [  restartedMain] j.LocalContainerEntityManagerFactoryBean 349 : Building JPA container EntityManagerFactory for persistence unit 'default'
2017-12-21 17:59:00.514  INFO 3724--- [  restartedMain] o.hibernate.jpa.internal.util.LogHelper  31 : HHH000204: Processing PersistenceUnitInfo [
	name: default
	...]
2017-12-21 17:59:00.719  INFO 3724--- [  restartedMain] org.hibernate.Version                    37 : HHH000412: Hibernate Core {5.0.12.Final}
2017-12-21 17:59:00.722  INFO 3724--- [  restartedMain] org.hibernate.cfg.Environment            213 : HHH000206: hibernate.properties not found
2017-12-21 17:59:00.726  INFO 3724--- [  restartedMain] org.hibernate.cfg.Environment            317 : HHH000021: Bytecode provider name : javassist
2017-12-21 17:59:00.952  INFO 3724--- [  restartedMain] o.hibernate.annotations.common.Version   66 : HCANN000001: Hibernate Commons Annotations {5.0.1.Final}
2017-12-21 17:59:02.102  INFO 3724--- [  restartedMain] org.hibernate.dialect.Dialect            156 : HHH000400: Using dialect: org.hibernate.dialect.MySQL5Dialect
2017-12-21 17:59:04.392  INFO 3724--- [  restartedMain] org.hibernate.tool.hbm2ddl.SchemaUpdate  105 : HHH000228: Running hbm2ddl schema update
2017-12-21 17:59:04.579  INFO 3724--- [  restartedMain] j.LocalContainerEntityManagerFactoryBean 379 : Initialized JPA EntityManagerFactory for persistence unit 'default'
2017-12-21 17:59:05.144  INFO 3724--- [  restartedMain] o.h.h.i.QueryTranslatorFactoryInitiator  47 : HHH000397: Using ASTQueryTranslatorFactory
2017-12-21 17:59:07.118  INFO 3724--- [  restartedMain] o.s.s.c.ThreadPoolTaskScheduler          165 : Initializing ExecutorService 
2017-12-21 17:59:07.684  INFO 3724--- [  restartedMain] o.s.s.web.DefaultSecurityFilterChain     43 : Creating filter chain: OrRequestMatcher [requestMatchers=[Ant [pattern='/css/**'], Ant [pattern='/js/**'], Ant [pattern='/images/**'], Ant [pattern='/webjars/**'], Ant [pattern='/**/favicon.ico'], Ant [pattern='/error']]], []
2017-12-21 17:59:07.894  INFO 3724--- [  restartedMain] o.s.s.web.DefaultSecurityFilterChain     43 : Creating filter chain: org.springframework.security.web.util.matcher.AnyRequestMatcher@1, [org.springframework.security.web.context.request.async.WebAsyncManagerIntegrationFilter@ae23997, org.springframework.security.web.context.SecurityContextPersistenceFilter@232b49fa, org.springframework.security.web.header.HeaderWriterFilter@5f5cd053, org.springframework.security.web.csrf.CsrfFilter@576ae984, org.springframework.security.web.authentication.logout.LogoutFilter@55f388e6, org.springframework.security.web.authentication.UsernamePasswordAuthenticationFilter@2c49305f, org.springframework.security.web.savedrequest.RequestCacheAwareFilter@1d38c1b4, org.springframework.security.web.servletapi.SecurityContextHolderAwareRequestFilter@7f5fb8b, org.springframework.security.web.authentication.AnonymousAuthenticationFilter@21a804fb, org.springframework.security.web.session.SessionManagementFilter@3ede6a51, org.springframework.security.web.access.ExceptionTranslationFilter@58650c00, org.springframework.security.web.access.intercept.FilterSecurityInterceptor@474f4d29]
2017-12-21 17:59:07.978  INFO 3724--- [  restartedMain] o.s.s.web.DefaultSecurityFilterChain     43 : Creating filter chain: org.springframework.boot.actuate.autoconfigure.ManagementWebSecurityAutoConfiguration$LazyEndpointPathRequestMatcher@47d430dc, [org.springframework.security.web.context.request.async.WebAsyncManagerIntegrationFilter@404ee6e4, org.springframework.security.web.context.SecurityContextPersistenceFilter@56d2a3d9, org.springframework.security.web.header.HeaderWriterFilter@2d2ff4d9, org.springframework.security.web.authentication.logout.LogoutFilter@70cb7f9f, org.springframework.security.web.authentication.www.BasicAuthenticationFilter@3e9a0527, org.springframework.security.web.savedrequest.RequestCacheAwareFilter@58748243, org.springframework.security.web.servletapi.SecurityContextHolderAwareRequestFilter@aaf2ca8, org.springframework.security.web.authentication.AnonymousAuthenticationFilter@2e1370f7, org.springframework.security.web.session.SessionManagementFilter@335ecd5d, org.springframework.security.web.access.ExceptionTranslationFilter@3ef60bd3, org.springframework.security.web.access.intercept.FilterSecurityInterceptor@941db91]
2017-12-21 17:59:08.232  INFO 3724--- [  restartedMain] s.w.s.m.m.a.RequestMappingHandlerAdapter 534 : Looking for @ControllerAdvice: org.springframework.boot.context.embedded.AnnotationConfigEmbeddedWebApplicationContext@3cbbc9cb: startup date [Thu Dec 21 17:58:53 CST 2017]; root of context hierarchy
2017-12-21 17:59:08.943  INFO 3724--- [  restartedMain] s.w.s.m.m.a.RequestMappingHandlerMapping 543 : Mapped "{[/home]}" onto public java.lang.String com.lalin.test.site.blog.mix.one.controller.IndexController.register(org.springframework.ui.Model)
2017-12-21 17:59:08.945  INFO 3724--- [  restartedMain] s.w.s.m.m.a.RequestMappingHandlerMapping 543 : Mapped "{[/],methods=[GET || POST]}" onto public java.lang.String com.lalin.test.site.blog.mix.one.controller.IndexController.root()
2017-12-21 17:59:08.946  INFO 3724--- [  restartedMain] s.w.s.m.m.a.RequestMappingHandlerMapping 543 : Mapped "{[/index],methods=[GET]}" onto public java.lang.String com.lalin.test.site.blog.mix.one.controller.IndexController.home(org.springframework.ui.Model)
2017-12-21 17:59:08.946  INFO 3724--- [  restartedMain] s.w.s.m.m.a.RequestMappingHandlerMapping 543 : Mapped "{[/haveLog]}" onto public java.lang.String com.lalin.test.site.blog.mix.one.controller.IndexController.haveLog()
2017-12-21 17:59:08.948  INFO 3724--- [  restartedMain] s.w.s.m.m.a.RequestMappingHandlerMapping 543 : Mapped "{[/login]}" onto public java.lang.String com.lalin.test.site.blog.mix.one.controller.IndexController.login()
2017-12-21 17:59:08.948  INFO 3724--- [  restartedMain] s.w.s.m.m.a.RequestMappingHandlerMapping 543 : Mapped "{[/login-error]}" onto public java.lang.String com.lalin.test.site.blog.mix.one.controller.IndexController.loginError(org.springframework.ui.Model)
2017-12-21 17:59:08.953  INFO 3724--- [  restartedMain] s.w.s.m.m.a.RequestMappingHandlerMapping 543 : Mapped "{[/admin/groupBy || /admin/groupBy/{current}]}" onto public java.lang.String com.lalin.test.site.blog.mix.one.controller.ProbeController.filterByType(org.springframework.ui.Model,java.lang.Integer)
2017-12-21 17:59:08.954  INFO 3724--- [  restartedMain] s.w.s.m.m.a.RequestMappingHandlerMapping 543 : Mapped "{[/admin/searchGroup]}" onto public org.springframework.http.ResponseEntity com.lalin.test.site.blog.mix.one.controller.ProbeController.probesByGroup(java.lang.String,org.springframework.ui.Model)
2017-12-21 17:59:08.955  INFO 3724--- [  restartedMain] s.w.s.m.m.a.RequestMappingHandlerMapping 543 : Mapped "{[/admin/return],methods=[POST]}" onto public synchronized org.springframework.http.ResponseEntity<java.lang.Integer> com.lalin.test.site.blog.mix.one.controller.ProbeController.ProbeReturn(java.lang.String)
2017-12-21 17:59:08.956  INFO 3724--- [  restartedMain] s.w.s.m.m.a.RequestMappingHandlerMapping 543 : Mapped "{[/admin/searchProbe]}" onto public java.lang.String com.lalin.test.site.blog.mix.one.controller.ProbeController.searchProbe(java.lang.String,org.springframework.ui.Model)
2017-12-21 17:59:08.956  INFO 3724--- [  restartedMain] s.w.s.m.m.a.RequestMappingHandlerMapping 543 : Mapped "{[/admin/borrowProbe],methods=[POST]}" onto public synchronized org.springframework.http.ResponseEntity com.lalin.test.site.blog.mix.one.controller.ProbeController.borrowProbe(java.lang.String,java.lang.String,java.lang.String,javax.servlet.http.HttpServletResponse) throws javax.mail.MessagingException,java.io.IOException
2017-12-21 17:59:08.957  INFO 3724--- [  restartedMain] s.w.s.m.m.a.RequestMappingHandlerMapping 543 : Mapped "{[/admin/email]}" onto public java.lang.String com.lalin.test.site.blog.mix.one.controller.ProbeController.emialLook(org.springframework.ui.Model)
2017-12-21 17:59:08.963  INFO 3724--- [  restartedMain] s.w.s.m.m.a.RequestMappingHandlerMapping 543 : Mapped "{[/find/{id}]}" onto public java.lang.String com.lalin.test.site.blog.mix.one.controller.UserController.find(java.lang.Integer)
2017-12-21 17:59:08.963  INFO 3724--- [  restartedMain] s.w.s.m.m.a.RequestMappingHandlerMapping 543 : Mapped "{[/findname/{name}]}" onto public java.lang.String com.lalin.test.site.blog.mix.one.controller.UserController.find(java.lang.String)
2017-12-21 17:59:08.963  INFO 3724--- [  restartedMain] s.w.s.m.m.a.RequestMappingHandlerMapping 543 : Mapped "{[/searchGroup]}" onto public java.lang.String com.lalin.test.site.blog.mix.one.controller.UserController.probesByGroup(java.lang.String,org.springframework.ui.Model)
2017-12-21 17:59:08.967  INFO 3724--- [  restartedMain] s.w.s.m.m.a.RequestMappingHandlerMapping 543 : Mapped "{[/searchProbe]}" onto public java.lang.String com.lalin.test.site.blog.mix.one.controller.UserController.searchProbe(java.lang.String,org.springframework.ui.Model)
2017-12-21 17:59:08.967  INFO 3724--- [  restartedMain] s.w.s.m.m.a.RequestMappingHandlerMapping 543 : Mapped "{[/register]}" onto public java.lang.String com.lalin.test.site.blog.mix.one.controller.UserController.userSave(java.lang.String,java.lang.String)
2017-12-21 17:59:08.968  INFO 3724--- [  restartedMain] s.w.s.m.m.a.RequestMappingHandlerMapping 543 : Mapped "{[/userNvidia]}" onto public java.lang.String com.lalin.test.site.blog.mix.one.controller.UserController.findNVidiaer(org.springframework.ui.Model)
2017-12-21 17:59:08.968  INFO 3724--- [  restartedMain] s.w.s.m.m.a.RequestMappingHandlerMapping 543 : Mapped "{[/bootLogin]}" onto public java.lang.String com.lalin.test.site.blog.mix.one.controller.UserController.bootLogin()
2017-12-21 17:59:08.969  INFO 3724--- [  restartedMain] s.w.s.m.m.a.RequestMappingHandlerMapping 543 : Mapped "{[/bootLogin2]}" onto public java.lang.String com.lalin.test.site.blog.mix.one.controller.UserController.bootLogin2()
2017-12-21 17:59:08.969  INFO 3724--- [  restartedMain] s.w.s.m.m.a.RequestMappingHandlerMapping 543 : Mapped "{[/bootLogin3]}" onto public java.lang.String com.lalin.test.site.blog.mix.one.controller.UserController.bootLogin3(org.springframework.ui.Model)
2017-12-21 17:59:08.970  INFO 3724--- [  restartedMain] s.w.s.m.m.a.RequestMappingHandlerMapping 543 : Mapped "{[/probeList/{current} || /probeList]}" onto public java.lang.String com.lalin.test.site.blog.mix.one.controller.UserController.ProbeList(org.springframework.ui.Model,java.lang.Integer)
2017-12-21 17:59:08.970  INFO 3724--- [  restartedMain] s.w.s.m.m.a.RequestMappingHandlerMapping 543 : Mapped "{[/probeListTest]}" onto public java.lang.String com.lalin.test.site.blog.mix.one.controller.UserController.ProbeListTest(org.springframework.ui.Model,java.lang.Integer)
2017-12-21 17:59:08.970  INFO 3724--- [  restartedMain] s.w.s.m.m.a.RequestMappingHandlerMapping 543 : Mapped "{[/add/probe],methods=[POST]}" onto public org.springframework.http.ResponseEntity com.lalin.test.site.blog.mix.one.controller.UserController.addPobe(java.lang.String,java.lang.String,java.lang.String,java.lang.String)
2017-12-21 17:59:08.971  INFO 3724--- [  restartedMain] s.w.s.m.m.a.RequestMappingHandlerMapping 543 : Mapped "{[/delete/probe],methods=[POST]}" onto public org.springframework.http.ResponseEntity com.lalin.test.site.blog.mix.one.controller.UserController.deleteProbe(java.lang.String)
2017-12-21 17:59:08.971  INFO 3724--- [  restartedMain] s.w.s.m.m.a.RequestMappingHandlerMapping 543 : Mapped "{[/userBorrow]}" onto public java.lang.String com.lalin.test.site.blog.mix.one.controller.UserController.findNVidiaBorrow(org.springframework.ui.Model)
2017-12-21 17:59:08.971  INFO 3724--- [  restartedMain] s.w.s.m.m.a.RequestMappingHandlerMapping 543 : Mapped "{[/borrowList]}" onto public java.lang.String com.lalin.test.site.blog.mix.one.controller.UserController.borrowList(org.springframework.ui.Model,javax.servlet.http.HttpServletRequest)
2017-12-21 17:59:08.974  INFO 3724--- [  restartedMain] s.w.s.m.m.a.RequestMappingHandlerMapping 543 : Mapped "{[/error]}" onto public org.springframework.http.ResponseEntity<java.util.Map<java.lang.String, java.lang.Object>> org.springframework.boot.autoconfigure.web.BasicErrorController.error(javax.servlet.http.HttpServletRequest)
2017-12-21 17:59:08.976  INFO 3724--- [  restartedMain] s.w.s.m.m.a.RequestMappingHandlerMapping 543 : Mapped "{[/error],produces=[text/html]}" onto public org.springframework.web.servlet.ModelAndView org.springframework.boot.autoconfigure.web.BasicErrorController.errorHtml(javax.servlet.http.HttpServletRequest,javax.servlet.http.HttpServletResponse)
2017-12-21 17:59:09.028  INFO 3724--- [  restartedMain] o.s.w.s.handler.SimpleUrlHandlerMapping  362 : Mapped URL path [/webjars/**] onto handler of type [class org.springframework.web.servlet.resource.ResourceHttpRequestHandler]
2017-12-21 17:59:09.028  INFO 3724--- [  restartedMain] o.s.w.s.handler.SimpleUrlHandlerMapping  362 : Mapped URL path [/**] onto handler of type [class org.springframework.web.servlet.resource.ResourceHttpRequestHandler]
2017-12-21 17:59:09.095  INFO 3724--- [  restartedMain] o.s.w.s.handler.SimpleUrlHandlerMapping  362 : Mapped URL path [/**/favicon.ico] onto handler of type [class org.springframework.web.servlet.resource.ResourceHttpRequestHandler]
2017-12-21 17:59:09.886  INFO 3724--- [  restartedMain] o.s.b.a.e.mvc.EndpointHandlerMapping     543 : Mapped "{[/health || /health.json],produces=[application/json]}" onto public java.lang.Object org.springframework.boot.actuate.endpoint.mvc.HealthMvcEndpoint.invoke(java.security.Principal)
2017-12-21 17:59:09.888  INFO 3724--- [  restartedMain] o.s.b.a.e.mvc.EndpointHandlerMapping     543 : Mapped "{[/info || /info.json],methods=[GET],produces=[application/json]}" onto public java.lang.Object org.springframework.boot.actuate.endpoint.mvc.EndpointMvcAdapter.invoke()
2017-12-21 17:59:10.325  INFO 3724--- [  restartedMain] o.s.b.d.a.OptionalLiveReloadServer       58 : LiveReload server is running on port 35729
2017-12-21 17:59:10.497  INFO 3724--- [  restartedMain] o.s.j.e.a.AnnotationMBeanExporter        431 : Registering beans for JMX exposure on startup
2017-12-21 17:59:10.522  INFO 3724--- [  restartedMain] o.s.c.support.DefaultLifecycleProcessor  343 : Starting beans in phase 0
2017-12-21 17:59:10.688  INFO 3724--- [  restartedMain] s.b.c.e.t.TomcatEmbeddedServletContainer 198 : Tomcat started on port(s): 8090 (http)
2017-12-21 17:59:10.699  INFO 3724--- [  restartedMain] c.l.test.site.blog.mix.one.Application   57 : Started Application in 19.772 seconds (JVM running for 20.764)
