2017-12-10 18:35:41.293  INFO 3552--- [  restartedMain] c.l.test.site.blog.mix.one.Application   48 : Starting Application on FRZHAO-LT with PID 3552 (C:\Users\frzhao\workspace\IdeaProjects\deviceManage\mix-one\target\classes started by frzhao in C:\Users\frzhao\workspace\IdeaProjects\deviceManage)
2017-12-10 18:35:41.293  INFO 3552--- [  restartedMain] c.l.test.site.blog.mix.one.Application   666 : The following profiles are active: dev
2017-12-10 18:35:41.810  INFO 3552--- [  restartedMain] ationConfigEmbeddedWebApplicationContext 582 : Refreshing org.springframework.boot.context.embedded.AnnotationConfigEmbeddedWebApplicationContext@b534c0f: startup date [Sun Dec 10 18:35:41 CST 2017]; root of context hierarchy
2017-12-10 18:35:44.743  INFO 3552--- [  restartedMain] trationDelegate$BeanPostProcessorChecker 325 : Bean 'org.springframework.transaction.annotation.ProxyTransactionManagementConfiguration' of type [org.springframework.transaction.annotation.ProxyTransactionManagementConfiguration$$EnhancerBySpringCGLIB$$58dab36f] is not eligible for getting processed by all BeanPostProcessors (for example: not eligible for auto-proxying)
2017-12-10 18:35:45.738  INFO 3552--- [  restartedMain] s.b.c.e.t.TomcatEmbeddedServletContainer 89 : Tomcat initialized with port(s): 8090 (http)
2017-12-10 18:35:45.781  INFO 3552--- [  restartedMain] o.apache.catalina.core.StandardService   179 : Starting service Tomcat
2017-12-10 18:35:45.785  INFO 3552--- [  restartedMain] org.apache.catalina.core.StandardEngine  179 : Starting Servlet Engine: Apache Tomcat/8.5.11
2017-12-10 18:35:45.946  INFO 3552--- [ost-startStop-1] o.a.c.c.C.[Tomcat].[localhost].[/]       179 : Initializing Spring embedded WebApplicationContext
2017-12-10 18:35:45.946  INFO 3552--- [ost-startStop-1] o.s.web.context.ContextLoader            276 : Root WebApplicationContext: initialization completed in 4136 ms
2017-12-10 18:35:46.400  INFO 3552--- [ost-startStop-1] o.s.b.w.servlet.FilterRegistrationBean   258 : Mapping filter: 'metricsFilter' to: [/*]
2017-12-10 18:35:46.400  INFO 3552--- [ost-startStop-1] o.s.b.w.servlet.FilterRegistrationBean   258 : Mapping filter: 'characterEncodingFilter' to: [/*]
2017-12-10 18:35:46.400  INFO 3552--- [ost-startStop-1] o.s.b.w.servlet.FilterRegistrationBean   258 : Mapping filter: 'hiddenHttpMethodFilter' to: [/*]
2017-12-10 18:35:46.400  INFO 3552--- [ost-startStop-1] o.s.b.w.servlet.FilterRegistrationBean   258 : Mapping filter: 'httpPutFormContentFilter' to: [/*]
2017-12-10 18:35:46.400  INFO 3552--- [ost-startStop-1] o.s.b.w.servlet.FilterRegistrationBean   258 : Mapping filter: 'requestContextFilter' to: [/*]
2017-12-10 18:35:46.400  INFO 3552--- [ost-startStop-1] .s.DelegatingFilterProxyRegistrationBean 258 : Mapping filter: 'springSecurityFilterChain' to: [/*]
2017-12-10 18:35:46.400  INFO 3552--- [ost-startStop-1] o.s.b.w.servlet.FilterRegistrationBean   258 : Mapping filter: 'webRequestLoggingFilter' to: [/*]
2017-12-10 18:35:46.400  INFO 3552--- [ost-startStop-1] o.s.b.w.servlet.FilterRegistrationBean   258 : Mapping filter: 'applicationContextIdFilter' to: [/*]
2017-12-10 18:35:46.400  INFO 3552--- [ost-startStop-1] o.s.b.w.servlet.ServletRegistrationBean  190 : Mapping servlet: 'dispatcherServlet' to [/]
2017-12-10 18:35:46.974  INFO 3552--- [  restartedMain] j.LocalContainerEntityManagerFactoryBean 349 : Building JPA container EntityManagerFactory for persistence unit 'default'
2017-12-10 18:35:46.990  INFO 3552--- [  restartedMain] o.hibernate.jpa.internal.util.LogHelper  31 : HHH000204: Processing PersistenceUnitInfo [
	name: default
	...]
2017-12-10 18:35:47.146  INFO 3552--- [  restartedMain] org.hibernate.Version                    37 : HHH000412: Hibernate Core {5.0.12.Final}
2017-12-10 18:35:47.146  INFO 3552--- [  restartedMain] org.hibernate.cfg.Environment            213 : HHH000206: hibernate.properties not found
2017-12-10 18:35:47.146  INFO 3552--- [  restartedMain] org.hibernate.cfg.Environment            317 : HHH000021: Bytecode provider name : javassist
2017-12-10 18:35:47.208  INFO 3552--- [  restartedMain] o.hibernate.annotations.common.Version   66 : HCANN000001: Hibernate Commons Annotations {5.0.1.Final}
2017-12-10 18:35:47.646  INFO 3552--- [  restartedMain] org.hibernate.dialect.Dialect            156 : HHH000400: Using dialect: org.hibernate.dialect.MySQL5Dialect
2017-12-10 18:35:48.299  INFO 3552--- [  restartedMain] org.hibernate.tool.hbm2ddl.SchemaUpdate  105 : HHH000228: Running hbm2ddl schema update
2017-12-10 18:35:48.513  INFO 3552--- [  restartedMain] j.LocalContainerEntityManagerFactoryBean 379 : Initialized JPA EntityManagerFactory for persistence unit 'default'
2017-12-10 18:35:48.877  INFO 3552--- [  restartedMain] o.h.h.i.QueryTranslatorFactoryInitiator  47 : HHH000397: Using ASTQueryTranslatorFactory
2017-12-10 18:35:50.146  INFO 3552--- [  restartedMain] o.s.s.c.ThreadPoolTaskScheduler          165 : Initializing ExecutorService 
2017-12-10 18:35:50.349  INFO 3552--- [  restartedMain] o.s.s.web.DefaultSecurityFilterChain     43 : Creating filter chain: OrRequestMatcher [requestMatchers=[Ant [pattern='/css/**'], Ant [pattern='/js/**'], Ant [pattern='/images/**'], Ant [pattern='/webjars/**'], Ant [pattern='/**/favicon.ico'], Ant [pattern='/error']]], []
2017-12-10 18:35:50.526  INFO 3552--- [  restartedMain] o.s.s.web.DefaultSecurityFilterChain     43 : Creating filter chain: org.springframework.security.web.util.matcher.AnyRequestMatcher@1, [org.springframework.security.web.context.request.async.WebAsyncManagerIntegrationFilter@6fb64261, org.springframework.security.web.context.SecurityContextPersistenceFilter@21edca0d, org.springframework.security.web.header.HeaderWriterFilter@53bfe6e1, org.springframework.security.web.csrf.CsrfFilter@534a8179, org.springframework.security.web.authentication.logout.LogoutFilter@43218477, org.springframework.security.web.authentication.UsernamePasswordAuthenticationFilter@7561407c, org.springframework.security.web.savedrequest.RequestCacheAwareFilter@4f32c6a5, org.springframework.security.web.servletapi.SecurityContextHolderAwareRequestFilter@252e03bf, org.springframework.security.web.authentication.AnonymousAuthenticationFilter@522c329f, org.springframework.security.web.session.SessionManagementFilter@76918742, org.springframework.security.web.access.ExceptionTranslationFilter@4d1eeaef, org.springframework.security.web.access.intercept.FilterSecurityInterceptor@68369fc6]
2017-12-10 18:35:50.572  INFO 3552--- [  restartedMain] o.s.s.web.DefaultSecurityFilterChain     43 : Creating filter chain: org.springframework.boot.actuate.autoconfigure.ManagementWebSecurityAutoConfiguration$LazyEndpointPathRequestMatcher@6d44422b, [org.springframework.security.web.context.request.async.WebAsyncManagerIntegrationFilter@2c68b654, org.springframework.security.web.context.SecurityContextPersistenceFilter@cf181df, org.springframework.security.web.header.HeaderWriterFilter@1186eed2, org.springframework.security.web.authentication.logout.LogoutFilter@7da3d372, org.springframework.security.web.authentication.www.BasicAuthenticationFilter@242bf8e0, org.springframework.security.web.savedrequest.RequestCacheAwareFilter@1bfc0e92, org.springframework.security.web.servletapi.SecurityContextHolderAwareRequestFilter@3daa8341, org.springframework.security.web.authentication.AnonymousAuthenticationFilter@57ffb7c1, org.springframework.security.web.session.SessionManagementFilter@1ef4a95a, org.springframework.security.web.access.ExceptionTranslationFilter@5278ac47, org.springframework.security.web.access.intercept.FilterSecurityInterceptor@198b0cc3]
2017-12-10 18:35:50.807  INFO 3552--- [  restartedMain] s.w.s.m.m.a.RequestMappingHandlerAdapter 534 : Looking for @ControllerAdvice: org.springframework.boot.context.embedded.AnnotationConfigEmbeddedWebApplicationContext@b534c0f: startup date [Sun Dec 10 18:35:41 CST 2017]; root of context hierarchy
2017-12-10 18:35:51.015  INFO 3552--- [  restartedMain] s.w.s.m.m.a.RequestMappingHandlerMapping 543 : Mapped "{[/home]}" onto public java.lang.String com.lalin.test.site.blog.mix.one.controller.IndexController.register(org.springframework.ui.Model)
2017-12-10 18:35:51.015  INFO 3552--- [  restartedMain] s.w.s.m.m.a.RequestMappingHandlerMapping 543 : Mapped "{[/],methods=[GET || POST]}" onto public java.lang.String com.lalin.test.site.blog.mix.one.controller.IndexController.root()
2017-12-10 18:35:51.015  INFO 3552--- [  restartedMain] s.w.s.m.m.a.RequestMappingHandlerMapping 543 : Mapped "{[/index],methods=[GET]}" onto public java.lang.String com.lalin.test.site.blog.mix.one.controller.IndexController.home(org.springframework.ui.Model)
2017-12-10 18:35:51.015  INFO 3552--- [  restartedMain] s.w.s.m.m.a.RequestMappingHandlerMapping 543 : Mapped "{[/login4]}" onto public java.lang.String com.lalin.test.site.blog.mix.one.controller.IndexController.login4(org.springframework.ui.Model)
2017-12-10 18:35:51.015  INFO 3552--- [  restartedMain] s.w.s.m.m.a.RequestMappingHandlerMapping 543 : Mapped "{[/login-error]}" onto public java.lang.String com.lalin.test.site.blog.mix.one.controller.IndexController.loginError(org.springframework.ui.Model)
2017-12-10 18:35:51.015  INFO 3552--- [  restartedMain] s.w.s.m.m.a.RequestMappingHandlerMapping 543 : Mapped "{[/haveLog]}" onto public java.lang.String com.lalin.test.site.blog.mix.one.controller.IndexController.haveLog()
2017-12-10 18:35:51.015  INFO 3552--- [  restartedMain] s.w.s.m.m.a.RequestMappingHandlerMapping 543 : Mapped "{[/login]}" onto public java.lang.String com.lalin.test.site.blog.mix.one.controller.IndexController.login()
2017-12-10 18:35:51.015  INFO 3552--- [  restartedMain] s.w.s.m.m.a.RequestMappingHandlerMapping 543 : Mapped "{[/admin/groupBy || /admin/groupBy/{current}]}" onto public java.lang.String com.lalin.test.site.blog.mix.one.controller.ProbeController.filterByType(org.springframework.ui.Model,java.lang.Integer)
2017-12-10 18:35:51.015  INFO 3552--- [  restartedMain] s.w.s.m.m.a.RequestMappingHandlerMapping 543 : Mapped "{[/admin/searchGroup]}" onto public org.springframework.http.ResponseEntity com.lalin.test.site.blog.mix.one.controller.ProbeController.probesByGroup(java.lang.String,org.springframework.ui.Model)
2017-12-10 18:35:51.015  INFO 3552--- [  restartedMain] s.w.s.m.m.a.RequestMappingHandlerMapping 543 : Mapped "{[/admin/return],methods=[POST]}" onto public org.springframework.http.ResponseEntity<java.lang.Integer> com.lalin.test.site.blog.mix.one.controller.ProbeController.ProbeReturn(java.lang.String)
2017-12-10 18:35:51.015  INFO 3552--- [  restartedMain] s.w.s.m.m.a.RequestMappingHandlerMapping 543 : Mapped "{[/admin/searchProbe]}" onto public java.lang.String com.lalin.test.site.blog.mix.one.controller.ProbeController.searchProbe(java.lang.String,org.springframework.ui.Model)
2017-12-10 18:35:51.015  INFO 3552--- [  restartedMain] s.w.s.m.m.a.RequestMappingHandlerMapping 543 : Mapped "{[/admin/borrowProbe],methods=[POST]}" onto public org.springframework.http.ResponseEntity com.lalin.test.site.blog.mix.one.controller.ProbeController.borrowProbe(java.lang.String,java.lang.String,java.lang.String)
2017-12-10 18:35:51.031  INFO 3552--- [  restartedMain] s.w.s.m.m.a.RequestMappingHandlerMapping 543 : Mapped "{[/findname/{name}]}" onto public java.lang.String com.lalin.test.site.blog.mix.one.controller.UserController.find(java.lang.String)
2017-12-10 18:35:51.031  INFO 3552--- [  restartedMain] s.w.s.m.m.a.RequestMappingHandlerMapping 543 : Mapped "{[/find/{id}]}" onto public java.lang.String com.lalin.test.site.blog.mix.one.controller.UserController.find(java.lang.Integer)
2017-12-10 18:35:51.031  INFO 3552--- [  restartedMain] s.w.s.m.m.a.RequestMappingHandlerMapping 543 : Mapped "{[/searchProbe]}" onto public java.lang.String com.lalin.test.site.blog.mix.one.controller.UserController.searchProbe(java.lang.String,org.springframework.ui.Model)
2017-12-10 18:35:51.031  INFO 3552--- [  restartedMain] s.w.s.m.m.a.RequestMappingHandlerMapping 543 : Mapped "{[/register]}" onto public java.lang.String com.lalin.test.site.blog.mix.one.controller.UserController.userSave(java.lang.String,java.lang.String)
2017-12-10 18:35:51.031  INFO 3552--- [  restartedMain] s.w.s.m.m.a.RequestMappingHandlerMapping 543 : Mapped "{[/userNvidia]}" onto public java.lang.String com.lalin.test.site.blog.mix.one.controller.UserController.findNVidiaer(org.springframework.ui.Model)
2017-12-10 18:35:51.031  INFO 3552--- [  restartedMain] s.w.s.m.m.a.RequestMappingHandlerMapping 543 : Mapped "{[/bootLogin]}" onto public java.lang.String com.lalin.test.site.blog.mix.one.controller.UserController.bootLogin()
2017-12-10 18:35:51.031  INFO 3552--- [  restartedMain] s.w.s.m.m.a.RequestMappingHandlerMapping 543 : Mapped "{[/bootLogin2]}" onto public java.lang.String com.lalin.test.site.blog.mix.one.controller.UserController.bootLogin2()
2017-12-10 18:35:51.031  INFO 3552--- [  restartedMain] s.w.s.m.m.a.RequestMappingHandlerMapping 543 : Mapped "{[/bootLogin3]}" onto public java.lang.String com.lalin.test.site.blog.mix.one.controller.UserController.bootLogin3(org.springframework.ui.Model)
2017-12-10 18:35:51.031  INFO 3552--- [  restartedMain] s.w.s.m.m.a.RequestMappingHandlerMapping 543 : Mapped "{[/probeList/{current} || /probeList]}" onto public java.lang.String com.lalin.test.site.blog.mix.one.controller.UserController.ProbeList(org.springframework.ui.Model,java.lang.Integer)
2017-12-10 18:35:51.047  INFO 3552--- [  restartedMain] s.w.s.m.m.a.RequestMappingHandlerMapping 543 : Mapped "{[/probeListTest]}" onto public java.lang.String com.lalin.test.site.blog.mix.one.controller.UserController.ProbeListTest(org.springframework.ui.Model,java.lang.Integer)
2017-12-10 18:35:51.047  INFO 3552--- [  restartedMain] s.w.s.m.m.a.RequestMappingHandlerMapping 543 : Mapped "{[/userBorrow]}" onto public java.lang.String com.lalin.test.site.blog.mix.one.controller.UserController.findNVidiaBorrow(org.springframework.ui.Model)
2017-12-10 18:35:51.047  INFO 3552--- [  restartedMain] s.w.s.m.m.a.RequestMappingHandlerMapping 543 : Mapped "{[/borrowList]}" onto public java.lang.String com.lalin.test.site.blog.mix.one.controller.UserController.borrowList(org.springframework.ui.Model,javax.servlet.http.HttpServletRequest)
2017-12-10 18:35:51.047  INFO 3552--- [  restartedMain] s.w.s.m.m.a.RequestMappingHandlerMapping 543 : Mapped "{[/error]}" onto public org.springframework.http.ResponseEntity<java.util.Map<java.lang.String, java.lang.Object>> org.springframework.boot.autoconfigure.web.BasicErrorController.error(javax.servlet.http.HttpServletRequest)
2017-12-10 18:35:51.047  INFO 3552--- [  restartedMain] s.w.s.m.m.a.RequestMappingHandlerMapping 543 : Mapped "{[/error],produces=[text/html]}" onto public org.springframework.web.servlet.ModelAndView org.springframework.boot.autoconfigure.web.BasicErrorController.errorHtml(javax.servlet.http.HttpServletRequest,javax.servlet.http.HttpServletResponse)
2017-12-10 18:35:51.109  INFO 3552--- [  restartedMain] o.s.w.s.handler.SimpleUrlHandlerMapping  362 : Mapped URL path [/webjars/**] onto handler of type [class org.springframework.web.servlet.resource.ResourceHttpRequestHandler]
2017-12-10 18:35:51.109  INFO 3552--- [  restartedMain] o.s.w.s.handler.SimpleUrlHandlerMapping  362 : Mapped URL path [/**] onto handler of type [class org.springframework.web.servlet.resource.ResourceHttpRequestHandler]
2017-12-10 18:35:51.187  INFO 3552--- [  restartedMain] o.s.w.s.handler.SimpleUrlHandlerMapping  362 : Mapped URL path [/**/favicon.ico] onto handler of type [class org.springframework.web.servlet.resource.ResourceHttpRequestHandler]
2017-12-10 18:35:52.014  INFO 3552--- [  restartedMain] o.s.b.a.e.mvc.EndpointHandlerMapping     543 : Mapped "{[/health || /health.json],produces=[application/json]}" onto public java.lang.Object org.springframework.boot.actuate.endpoint.mvc.HealthMvcEndpoint.invoke(java.security.Principal)
2017-12-10 18:35:52.014  INFO 3552--- [  restartedMain] o.s.b.a.e.mvc.EndpointHandlerMapping     543 : Mapped "{[/info || /info.json],methods=[GET],produces=[application/json]}" onto public java.lang.Object org.springframework.boot.actuate.endpoint.mvc.EndpointMvcAdapter.invoke()
2017-12-10 18:35:52.263  INFO 3552--- [  restartedMain] o.s.b.d.a.OptionalLiveReloadServer       58 : LiveReload server is running on port 35729
2017-12-10 18:35:52.326  INFO 3552--- [  restartedMain] o.s.j.e.a.AnnotationMBeanExporter        431 : Registering beans for JMX exposure on startup
2017-12-10 18:35:52.342  INFO 3552--- [  restartedMain] o.s.c.support.DefaultLifecycleProcessor  343 : Starting beans in phase 0
2017-12-10 18:35:52.460  INFO 3552--- [  restartedMain] s.b.c.e.t.TomcatEmbeddedServletContainer 198 : Tomcat started on port(s): 8090 (http)
2017-12-10 18:35:52.468  INFO 3552--- [  restartedMain] c.l.test.site.blog.mix.one.Application   57 : Started Application in 12.826 seconds (JVM running for 13.856)
2017-12-10 18:38:20.868  INFO 3552--- [nio-8090-exec-1] o.a.c.c.C.[Tomcat].[localhost].[/]       179 : Initializing Spring FrameworkServlet 'dispatcherServlet'
2017-12-10 18:38:20.869  INFO 3552--- [nio-8090-exec-1] o.s.web.servlet.DispatcherServlet        489 : FrameworkServlet 'dispatcherServlet': initialization started
2017-12-10 18:38:20.901  INFO 3552--- [nio-8090-exec-1] o.s.web.servlet.DispatcherServlet        508 : FrameworkServlet 'dispatcherServlet': initialization completed in 32 ms
2017-12-10 18:58:25.980  INFO 5176--- [  restartedMain] c.l.test.site.blog.mix.one.Application   48 : Starting Application on FRZHAO-LT with PID 5176 (C:\Users\frzhao\workspace\IdeaProjects\deviceManage\mix-one\target\classes started by frzhao in C:\Users\frzhao\workspace\IdeaProjects\deviceManage)
2017-12-10 18:58:25.987  INFO 5176--- [  restartedMain] c.l.test.site.blog.mix.one.Application   666 : The following profiles are active: dev
2017-12-10 18:58:26.492  INFO 5176--- [  restartedMain] ationConfigEmbeddedWebApplicationContext 582 : Refreshing org.springframework.boot.context.embedded.AnnotationConfigEmbeddedWebApplicationContext@34817ab5: startup date [Sun Dec 10 18:58:26 CST 2017]; root of context hierarchy
2017-12-10 18:58:29.952  INFO 5176--- [  restartedMain] trationDelegate$BeanPostProcessorChecker 325 : Bean 'org.springframework.transaction.annotation.ProxyTransactionManagementConfiguration' of type [org.springframework.transaction.annotation.ProxyTransactionManagementConfiguration$$EnhancerBySpringCGLIB$$ee7fa49] is not eligible for getting processed by all BeanPostProcessors (for example: not eligible for auto-proxying)
2017-12-10 18:58:30.786  INFO 5176--- [  restartedMain] s.b.c.e.t.TomcatEmbeddedServletContainer 89 : Tomcat initialized with port(s): 8090 (http)
2017-12-10 18:58:30.802  INFO 5176--- [  restartedMain] o.apache.catalina.core.StandardService   179 : Starting service Tomcat
2017-12-10 18:58:30.802  INFO 5176--- [  restartedMain] org.apache.catalina.core.StandardEngine  179 : Starting Servlet Engine: Apache Tomcat/8.5.11
2017-12-10 18:58:30.942  INFO 5176--- [ost-startStop-1] o.a.c.c.C.[Tomcat].[localhost].[/]       179 : Initializing Spring embedded WebApplicationContext
2017-12-10 18:58:30.942  INFO 5176--- [ost-startStop-1] o.s.web.context.ContextLoader            276 : Root WebApplicationContext: initialization completed in 4450 ms
2017-12-10 18:58:31.402  INFO 5176--- [ost-startStop-1] o.s.b.w.servlet.FilterRegistrationBean   258 : Mapping filter: 'metricsFilter' to: [/*]
2017-12-10 18:58:31.402  INFO 5176--- [ost-startStop-1] o.s.b.w.servlet.FilterRegistrationBean   258 : Mapping filter: 'characterEncodingFilter' to: [/*]
2017-12-10 18:58:31.402  INFO 5176--- [ost-startStop-1] o.s.b.w.servlet.FilterRegistrationBean   258 : Mapping filter: 'hiddenHttpMethodFilter' to: [/*]
2017-12-10 18:58:31.402  INFO 5176--- [ost-startStop-1] o.s.b.w.servlet.FilterRegistrationBean   258 : Mapping filter: 'httpPutFormContentFilter' to: [/*]
2017-12-10 18:58:31.402  INFO 5176--- [ost-startStop-1] o.s.b.w.servlet.FilterRegistrationBean   258 : Mapping filter: 'requestContextFilter' to: [/*]
2017-12-10 18:58:31.402  INFO 5176--- [ost-startStop-1] .s.DelegatingFilterProxyRegistrationBean 258 : Mapping filter: 'springSecurityFilterChain' to: [/*]
2017-12-10 18:58:31.402  INFO 5176--- [ost-startStop-1] o.s.b.w.servlet.FilterRegistrationBean   258 : Mapping filter: 'webRequestLoggingFilter' to: [/*]
2017-12-10 18:58:31.417  INFO 5176--- [ost-startStop-1] o.s.b.w.servlet.FilterRegistrationBean   258 : Mapping filter: 'applicationContextIdFilter' to: [/*]
2017-12-10 18:58:31.417  INFO 5176--- [ost-startStop-1] o.s.b.w.servlet.ServletRegistrationBean  190 : Mapping servlet: 'dispatcherServlet' to [/]
2017-12-10 18:58:31.715  INFO 5176--- [  restartedMain] j.LocalContainerEntityManagerFactoryBean 349 : Building JPA container EntityManagerFactory for persistence unit 'default'
2017-12-10 18:58:31.886  INFO 5176--- [  restartedMain] o.hibernate.jpa.internal.util.LogHelper  31 : HHH000204: Processing PersistenceUnitInfo [
	name: default
	...]
2017-12-10 18:58:31.996  INFO 5176--- [  restartedMain] org.hibernate.Version                    37 : HHH000412: Hibernate Core {5.0.12.Final}
2017-12-10 18:58:31.996  INFO 5176--- [  restartedMain] org.hibernate.cfg.Environment            213 : HHH000206: hibernate.properties not found
2017-12-10 18:58:31.996  INFO 5176--- [  restartedMain] org.hibernate.cfg.Environment            317 : HHH000021: Bytecode provider name : javassist
2017-12-10 18:58:32.027  INFO 5176--- [  restartedMain] o.hibernate.annotations.common.Version   66 : HCANN000001: Hibernate Commons Annotations {5.0.1.Final}
2017-12-10 18:58:32.417  INFO 5176--- [  restartedMain] org.hibernate.dialect.Dialect            156 : HHH000400: Using dialect: org.hibernate.dialect.MySQL5Dialect
2017-12-10 18:58:32.963  INFO 5176--- [  restartedMain] org.hibernate.tool.hbm2ddl.SchemaUpdate  105 : HHH000228: Running hbm2ddl schema update
2017-12-10 18:58:33.197  INFO 5176--- [  restartedMain] j.LocalContainerEntityManagerFactoryBean 379 : Initialized JPA EntityManagerFactory for persistence unit 'default'
2017-12-10 18:58:33.587  INFO 5176--- [  restartedMain] o.h.h.i.QueryTranslatorFactoryInitiator  47 : HHH000397: Using ASTQueryTranslatorFactory
2017-12-10 18:58:35.143  INFO 5176--- [  restartedMain] o.s.s.c.ThreadPoolTaskScheduler          165 : Initializing ExecutorService 
2017-12-10 18:58:35.377  INFO 5176--- [  restartedMain] o.s.s.web.DefaultSecurityFilterChain     43 : Creating filter chain: OrRequestMatcher [requestMatchers=[Ant [pattern='/css/**'], Ant [pattern='/js/**'], Ant [pattern='/images/**'], Ant [pattern='/webjars/**'], Ant [pattern='/**/favicon.ico'], Ant [pattern='/error']]], []
2017-12-10 18:58:35.533  INFO 5176--- [  restartedMain] o.s.s.web.DefaultSecurityFilterChain     43 : Creating filter chain: org.springframework.security.web.util.matcher.AnyRequestMatcher@1, [org.springframework.security.web.context.request.async.WebAsyncManagerIntegrationFilter@68e0eb92, org.springframework.security.web.context.SecurityContextPersistenceFilter@f4782be, org.springframework.security.web.header.HeaderWriterFilter@723daafc, org.springframework.security.web.csrf.CsrfFilter@f4c530f, org.springframework.security.web.authentication.logout.LogoutFilter@10124b79, org.springframework.security.web.authentication.UsernamePasswordAuthenticationFilter@6a40abf8, org.springframework.security.web.savedrequest.RequestCacheAwareFilter@6ca3e1ff, org.springframework.security.web.servletapi.SecurityContextHolderAwareRequestFilter@2f5df034, org.springframework.security.web.authentication.AnonymousAuthenticationFilter@239d9d9a, org.springframework.security.web.session.SessionManagementFilter@36a3969b, org.springframework.security.web.access.ExceptionTranslationFilter@505cd08, org.springframework.security.web.access.intercept.FilterSecurityInterceptor@4aef58d6]
2017-12-10 18:58:35.548  INFO 5176--- [  restartedMain] o.s.s.web.DefaultSecurityFilterChain     43 : Creating filter chain: org.springframework.boot.actuate.autoconfigure.ManagementWebSecurityAutoConfiguration$LazyEndpointPathRequestMatcher@3501e4ba, [org.springframework.security.web.context.request.async.WebAsyncManagerIntegrationFilter@7b6b9222, org.springframework.security.web.context.SecurityContextPersistenceFilter@cad918c, org.springframework.security.web.header.HeaderWriterFilter@17cf4e40, org.springframework.security.web.authentication.logout.LogoutFilter@5e5134d2, org.springframework.security.web.authentication.www.BasicAuthenticationFilter@433606ed, org.springframework.security.web.savedrequest.RequestCacheAwareFilter@439904, org.springframework.security.web.servletapi.SecurityContextHolderAwareRequestFilter@6d937a02, org.springframework.security.web.authentication.AnonymousAuthenticationFilter@819f2cc, org.springframework.security.web.session.SessionManagementFilter@3e9964c, org.springframework.security.web.access.ExceptionTranslationFilter@62bdcbe6, org.springframework.security.web.access.intercept.FilterSecurityInterceptor@578324fc]
2017-12-10 18:58:35.704  INFO 5176--- [  restartedMain] s.w.s.m.m.a.RequestMappingHandlerAdapter 534 : Looking for @ControllerAdvice: org.springframework.boot.context.embedded.AnnotationConfigEmbeddedWebApplicationContext@34817ab5: startup date [Sun Dec 10 18:58:26 CST 2017]; root of context hierarchy
2017-12-10 18:58:35.829  INFO 5176--- [  restartedMain] s.w.s.m.m.a.RequestMappingHandlerMapping 543 : Mapped "{[/home]}" onto public java.lang.String com.lalin.test.site.blog.mix.one.controller.IndexController.register(org.springframework.ui.Model)
2017-12-10 18:58:35.829  INFO 5176--- [  restartedMain] s.w.s.m.m.a.RequestMappingHandlerMapping 543 : Mapped "{[/],methods=[GET || POST]}" onto public java.lang.String com.lalin.test.site.blog.mix.one.controller.IndexController.root()
2017-12-10 18:58:35.829  INFO 5176--- [  restartedMain] s.w.s.m.m.a.RequestMappingHandlerMapping 543 : Mapped "{[/index],methods=[GET]}" onto public java.lang.String com.lalin.test.site.blog.mix.one.controller.IndexController.home(org.springframework.ui.Model)
2017-12-10 18:58:35.829  INFO 5176--- [  restartedMain] s.w.s.m.m.a.RequestMappingHandlerMapping 543 : Mapped "{[/login-error]}" onto public java.lang.String com.lalin.test.site.blog.mix.one.controller.IndexController.loginError(org.springframework.ui.Model)
2017-12-10 18:58:35.829  INFO 5176--- [  restartedMain] s.w.s.m.m.a.RequestMappingHandlerMapping 543 : Mapped "{[/login4]}" onto public java.lang.String com.lalin.test.site.blog.mix.one.controller.IndexController.login4(org.springframework.ui.Model)
2017-12-10 18:58:35.829  INFO 5176--- [  restartedMain] s.w.s.m.m.a.RequestMappingHandlerMapping 543 : Mapped "{[/login]}" onto public java.lang.String com.lalin.test.site.blog.mix.one.controller.IndexController.login()
2017-12-10 18:58:35.829  INFO 5176--- [  restartedMain] s.w.s.m.m.a.RequestMappingHandlerMapping 543 : Mapped "{[/haveLog]}" onto public java.lang.String com.lalin.test.site.blog.mix.one.controller.IndexController.haveLog()
2017-12-10 18:58:35.829  INFO 5176--- [  restartedMain] s.w.s.m.m.a.RequestMappingHandlerMapping 543 : Mapped "{[/admin/groupBy || /admin/groupBy/{current}]}" onto public java.lang.String com.lalin.test.site.blog.mix.one.controller.ProbeController.filterByType(org.springframework.ui.Model,java.lang.Integer)
2017-12-10 18:58:35.829  INFO 5176--- [  restartedMain] s.w.s.m.m.a.RequestMappingHandlerMapping 543 : Mapped "{[/admin/searchGroup]}" onto public org.springframework.http.ResponseEntity com.lalin.test.site.blog.mix.one.controller.ProbeController.probesByGroup(java.lang.String,org.springframework.ui.Model)
2017-12-10 18:58:35.829  INFO 5176--- [  restartedMain] s.w.s.m.m.a.RequestMappingHandlerMapping 543 : Mapped "{[/admin/return],methods=[POST]}" onto public org.springframework.http.ResponseEntity<java.lang.Integer> com.lalin.test.site.blog.mix.one.controller.ProbeController.ProbeReturn(java.lang.String)
2017-12-10 18:58:35.829  INFO 5176--- [  restartedMain] s.w.s.m.m.a.RequestMappingHandlerMapping 543 : Mapped "{[/admin/searchProbe]}" onto public java.lang.String com.lalin.test.site.blog.mix.one.controller.ProbeController.searchProbe(java.lang.String,org.springframework.ui.Model)
2017-12-10 18:58:35.845  INFO 5176--- [  restartedMain] s.w.s.m.m.a.RequestMappingHandlerMapping 543 : Mapped "{[/admin/borrowProbe],methods=[POST]}" onto public org.springframework.http.ResponseEntity com.lalin.test.site.blog.mix.one.controller.ProbeController.borrowProbe(java.lang.String,java.lang.String,java.lang.String)
2017-12-10 18:58:35.845  INFO 5176--- [  restartedMain] s.w.s.m.m.a.RequestMappingHandlerMapping 543 : Mapped "{[/findname/{name}]}" onto public java.lang.String com.lalin.test.site.blog.mix.one.controller.UserController.find(java.lang.String)
2017-12-10 18:58:35.845  INFO 5176--- [  restartedMain] s.w.s.m.m.a.RequestMappingHandlerMapping 543 : Mapped "{[/find/{id}]}" onto public java.lang.String com.lalin.test.site.blog.mix.one.controller.UserController.find(java.lang.Integer)
2017-12-10 18:58:35.845  INFO 5176--- [  restartedMain] s.w.s.m.m.a.RequestMappingHandlerMapping 543 : Mapped "{[/searchProbe]}" onto public java.lang.String com.lalin.test.site.blog.mix.one.controller.UserController.searchProbe(java.lang.String,org.springframework.ui.Model)
2017-12-10 18:58:35.845  INFO 5176--- [  restartedMain] s.w.s.m.m.a.RequestMappingHandlerMapping 543 : Mapped "{[/register]}" onto public java.lang.String com.lalin.test.site.blog.mix.one.controller.UserController.userSave(java.lang.String,java.lang.String)
2017-12-10 18:58:35.845  INFO 5176--- [  restartedMain] s.w.s.m.m.a.RequestMappingHandlerMapping 543 : Mapped "{[/userNvidia]}" onto public java.lang.String com.lalin.test.site.blog.mix.one.controller.UserController.findNVidiaer(org.springframework.ui.Model)
2017-12-10 18:58:35.845  INFO 5176--- [  restartedMain] s.w.s.m.m.a.RequestMappingHandlerMapping 543 : Mapped "{[/bootLogin]}" onto public java.lang.String com.lalin.test.site.blog.mix.one.controller.UserController.bootLogin()
2017-12-10 18:58:35.845  INFO 5176--- [  restartedMain] s.w.s.m.m.a.RequestMappingHandlerMapping 543 : Mapped "{[/bootLogin2]}" onto public java.lang.String com.lalin.test.site.blog.mix.one.controller.UserController.bootLogin2()
2017-12-10 18:58:35.845  INFO 5176--- [  restartedMain] s.w.s.m.m.a.RequestMappingHandlerMapping 543 : Mapped "{[/bootLogin3]}" onto public java.lang.String com.lalin.test.site.blog.mix.one.controller.UserController.bootLogin3(org.springframework.ui.Model)
2017-12-10 18:58:35.845  INFO 5176--- [  restartedMain] s.w.s.m.m.a.RequestMappingHandlerMapping 543 : Mapped "{[/probeList/{current} || /probeList]}" onto public java.lang.String com.lalin.test.site.blog.mix.one.controller.UserController.ProbeList(org.springframework.ui.Model,java.lang.Integer)
2017-12-10 18:58:35.845  INFO 5176--- [  restartedMain] s.w.s.m.m.a.RequestMappingHandlerMapping 543 : Mapped "{[/probeListTest]}" onto public java.lang.String com.lalin.test.site.blog.mix.one.controller.UserController.ProbeListTest(org.springframework.ui.Model,java.lang.Integer)
2017-12-10 18:58:35.845  INFO 5176--- [  restartedMain] s.w.s.m.m.a.RequestMappingHandlerMapping 543 : Mapped "{[/userBorrow]}" onto public java.lang.String com.lalin.test.site.blog.mix.one.controller.UserController.findNVidiaBorrow(org.springframework.ui.Model)
2017-12-10 18:58:35.845  INFO 5176--- [  restartedMain] s.w.s.m.m.a.RequestMappingHandlerMapping 543 : Mapped "{[/borrowList]}" onto public java.lang.String com.lalin.test.site.blog.mix.one.controller.UserController.borrowList(org.springframework.ui.Model,javax.servlet.http.HttpServletRequest)
2017-12-10 18:58:35.845  INFO 5176--- [  restartedMain] s.w.s.m.m.a.RequestMappingHandlerMapping 543 : Mapped "{[/error]}" onto public org.springframework.http.ResponseEntity<java.util.Map<java.lang.String, java.lang.Object>> org.springframework.boot.autoconfigure.web.BasicErrorController.error(javax.servlet.http.HttpServletRequest)
2017-12-10 18:58:35.845  INFO 5176--- [  restartedMain] s.w.s.m.m.a.RequestMappingHandlerMapping 543 : Mapped "{[/error],produces=[text/html]}" onto public org.springframework.web.servlet.ModelAndView org.springframework.boot.autoconfigure.web.BasicErrorController.errorHtml(javax.servlet.http.HttpServletRequest,javax.servlet.http.HttpServletResponse)
2017-12-10 18:58:35.892  INFO 5176--- [  restartedMain] o.s.w.s.handler.SimpleUrlHandlerMapping  362 : Mapped URL path [/webjars/**] onto handler of type [class org.springframework.web.servlet.resource.ResourceHttpRequestHandler]
2017-12-10 18:58:35.907  INFO 5176--- [  restartedMain] o.s.w.s.handler.SimpleUrlHandlerMapping  362 : Mapped URL path [/**] onto handler of type [class org.springframework.web.servlet.resource.ResourceHttpRequestHandler]
2017-12-10 18:58:35.970  INFO 5176--- [  restartedMain] o.s.w.s.handler.SimpleUrlHandlerMapping  362 : Mapped URL path [/**/favicon.ico] onto handler of type [class org.springframework.web.servlet.resource.ResourceHttpRequestHandler]
2017-12-10 18:58:36.764  INFO 5176--- [  restartedMain] o.s.b.a.e.mvc.EndpointHandlerMapping     543 : Mapped "{[/health || /health.json],produces=[application/json]}" onto public java.lang.Object org.springframework.boot.actuate.endpoint.mvc.HealthMvcEndpoint.invoke(java.security.Principal)
2017-12-10 18:58:36.765  INFO 5176--- [  restartedMain] o.s.b.a.e.mvc.EndpointHandlerMapping     543 : Mapped "{[/info || /info.json],methods=[GET],produces=[application/json]}" onto public java.lang.Object org.springframework.boot.actuate.endpoint.mvc.EndpointMvcAdapter.invoke()
2017-12-10 18:58:37.027  INFO 5176--- [  restartedMain] o.s.b.d.a.OptionalLiveReloadServer       58 : LiveReload server is running on port 35729
2017-12-10 18:58:37.120  INFO 5176--- [  restartedMain] o.s.j.e.a.AnnotationMBeanExporter        431 : Registering beans for JMX exposure on startup
2017-12-10 18:58:37.138  INFO 5176--- [  restartedMain] o.s.c.support.DefaultLifecycleProcessor  343 : Starting beans in phase 0
2017-12-10 18:58:37.324  INFO 5176--- [  restartedMain] s.b.c.e.t.TomcatEmbeddedServletContainer 198 : Tomcat started on port(s): 8090 (http)
2017-12-10 18:58:37.336  INFO 5176--- [  restartedMain] c.l.test.site.blog.mix.one.Application   57 : Started Application in 12.511 seconds (JVM running for 13.683)
2017-12-10 18:58:37.428  INFO 5176--- [nio-8090-exec-1] o.a.c.c.C.[Tomcat].[localhost].[/]       179 : Initializing Spring FrameworkServlet 'dispatcherServlet'
2017-12-10 18:58:37.428  INFO 5176--- [nio-8090-exec-1] o.s.web.servlet.DispatcherServlet        489 : FrameworkServlet 'dispatcherServlet': initialization started
2017-12-10 18:58:37.455  INFO 5176--- [nio-8090-exec-1] o.s.web.servlet.DispatcherServlet        508 : FrameworkServlet 'dispatcherServlet': initialization completed in 26 ms
2017-12-10 19:40:19.026  INFO 12764--- [  restartedMain] c.l.test.site.blog.mix.one.Application   48 : Starting Application on FRZHAO-LT with PID 12764 (C:\Users\frzhao\workspace\IdeaProjects\deviceManage\mix-one\target\classes started by frzhao in C:\Users\frzhao\workspace\IdeaProjects\deviceManage)
2017-12-10 19:40:19.026  INFO 12764--- [  restartedMain] c.l.test.site.blog.mix.one.Application   666 : The following profiles are active: dev
2017-12-10 19:40:19.416  INFO 12764--- [  restartedMain] ationConfigEmbeddedWebApplicationContext 582 : Refreshing org.springframework.boot.context.embedded.AnnotationConfigEmbeddedWebApplicationContext@3cbbc9cb: startup date [Sun Dec 10 19:40:19 CST 2017]; root of context hierarchy
2017-12-10 19:40:22.243  INFO 12764--- [  restartedMain] trationDelegate$BeanPostProcessorChecker 325 : Bean 'org.springframework.transaction.annotation.ProxyTransactionManagementConfiguration' of type [org.springframework.transaction.annotation.ProxyTransactionManagementConfiguration$$EnhancerBySpringCGLIB$$fb3f4cdd] is not eligible for getting processed by all BeanPostProcessors (for example: not eligible for auto-proxying)
2017-12-10 19:40:23.148  INFO 12764--- [  restartedMain] s.b.c.e.t.TomcatEmbeddedServletContainer 89 : Tomcat initialized with port(s): 8090 (http)
2017-12-10 19:40:23.179  INFO 12764--- [  restartedMain] o.apache.catalina.core.StandardService   179 : Starting service Tomcat
2017-12-10 19:40:23.179  INFO 12764--- [  restartedMain] org.apache.catalina.core.StandardEngine  179 : Starting Servlet Engine: Apache Tomcat/8.5.11
2017-12-10 19:40:23.335  INFO 12764--- [ost-startStop-1] o.a.c.c.C.[Tomcat].[localhost].[/]       179 : Initializing Spring embedded WebApplicationContext
2017-12-10 19:40:23.335  INFO 12764--- [ost-startStop-1] o.s.web.context.ContextLoader            276 : Root WebApplicationContext: initialization completed in 3919 ms
2017-12-10 19:40:23.741  INFO 12764--- [ost-startStop-1] o.s.b.w.servlet.FilterRegistrationBean   258 : Mapping filter: 'metricsFilter' to: [/*]
2017-12-10 19:40:23.741  INFO 12764--- [ost-startStop-1] o.s.b.w.servlet.FilterRegistrationBean   258 : Mapping filter: 'characterEncodingFilter' to: [/*]
2017-12-10 19:40:23.741  INFO 12764--- [ost-startStop-1] o.s.b.w.servlet.FilterRegistrationBean   258 : Mapping filter: 'hiddenHttpMethodFilter' to: [/*]
2017-12-10 19:40:23.741  INFO 12764--- [ost-startStop-1] o.s.b.w.servlet.FilterRegistrationBean   258 : Mapping filter: 'httpPutFormContentFilter' to: [/*]
2017-12-10 19:40:23.741  INFO 12764--- [ost-startStop-1] o.s.b.w.servlet.FilterRegistrationBean   258 : Mapping filter: 'requestContextFilter' to: [/*]
2017-12-10 19:40:23.741  INFO 12764--- [ost-startStop-1] .s.DelegatingFilterProxyRegistrationBean 258 : Mapping filter: 'springSecurityFilterChain' to: [/*]
2017-12-10 19:40:23.741  INFO 12764--- [ost-startStop-1] o.s.b.w.servlet.FilterRegistrationBean   258 : Mapping filter: 'webRequestLoggingFilter' to: [/*]
2017-12-10 19:40:23.741  INFO 12764--- [ost-startStop-1] o.s.b.w.servlet.FilterRegistrationBean   258 : Mapping filter: 'applicationContextIdFilter' to: [/*]
2017-12-10 19:40:23.741  INFO 12764--- [ost-startStop-1] o.s.b.w.servlet.ServletRegistrationBean  190 : Mapping servlet: 'dispatcherServlet' to [/]
2017-12-10 19:40:24.053  INFO 12764--- [  restartedMain] j.LocalContainerEntityManagerFactoryBean 349 : Building JPA container EntityManagerFactory for persistence unit 'default'
2017-12-10 19:40:24.225  INFO 12764--- [  restartedMain] o.hibernate.jpa.internal.util.LogHelper  31 : HHH000204: Processing PersistenceUnitInfo [
	name: default
	...]
2017-12-10 19:40:24.334  INFO 12764--- [  restartedMain] org.hibernate.Version                    37 : HHH000412: Hibernate Core {5.0.12.Final}
2017-12-10 19:40:24.350  INFO 12764--- [  restartedMain] org.hibernate.cfg.Environment            213 : HHH000206: hibernate.properties not found
2017-12-10 19:40:24.350  INFO 12764--- [  restartedMain] org.hibernate.cfg.Environment            317 : HHH000021: Bytecode provider name : javassist
2017-12-10 19:40:24.396  INFO 12764--- [  restartedMain] o.hibernate.annotations.common.Version   66 : HCANN000001: Hibernate Commons Annotations {5.0.1.Final}
2017-12-10 19:40:24.849  INFO 12764--- [  restartedMain] org.hibernate.dialect.Dialect            156 : HHH000400: Using dialect: org.hibernate.dialect.MySQL5Dialect
2017-12-10 19:40:25.442  INFO 12764--- [  restartedMain] org.hibernate.tool.hbm2ddl.SchemaUpdate  105 : HHH000228: Running hbm2ddl schema update
2017-12-10 19:40:25.660  INFO 12764--- [  restartedMain] j.LocalContainerEntityManagerFactoryBean 379 : Initialized JPA EntityManagerFactory for persistence unit 'default'
2017-12-10 19:40:26.034  INFO 12764--- [  restartedMain] o.h.h.i.QueryTranslatorFactoryInitiator  47 : HHH000397: Using ASTQueryTranslatorFactory
2017-12-10 19:40:27.214  INFO 12764--- [  restartedMain] o.s.s.c.ThreadPoolTaskScheduler          165 : Initializing ExecutorService 
2017-12-10 19:40:27.432  INFO 12764--- [  restartedMain] o.s.s.web.DefaultSecurityFilterChain     43 : Creating filter chain: OrRequestMatcher [requestMatchers=[Ant [pattern='/css/**'], Ant [pattern='/js/**'], Ant [pattern='/images/**'], Ant [pattern='/webjars/**'], Ant [pattern='/**/favicon.ico'], Ant [pattern='/error']]], []
2017-12-10 19:40:27.541  INFO 12764--- [  restartedMain] o.s.s.web.DefaultSecurityFilterChain     43 : Creating filter chain: org.springframework.security.web.util.matcher.AnyRequestMatcher@1, [org.springframework.security.web.context.request.async.WebAsyncManagerIntegrationFilter@58650c00, org.springframework.security.web.context.SecurityContextPersistenceFilter@716b5020, org.springframework.security.web.header.HeaderWriterFilter@5edee603, org.springframework.security.web.csrf.CsrfFilter@7551031c, org.springframework.security.web.authentication.logout.LogoutFilter@79e61161, org.springframework.security.web.authentication.UsernamePasswordAuthenticationFilter@17659589, org.springframework.security.web.savedrequest.RequestCacheAwareFilter@6cf9521d, org.springframework.security.web.servletapi.SecurityContextHolderAwareRequestFilter@fb8a82d, org.springframework.security.web.authentication.AnonymousAuthenticationFilter@75fc835b, org.springframework.security.web.session.SessionManagementFilter@627949dc, org.springframework.security.web.access.ExceptionTranslationFilter@19d57755, org.springframework.security.web.access.intercept.FilterSecurityInterceptor@761bb60d]
2017-12-10 19:40:27.557  INFO 12764--- [  restartedMain] o.s.s.web.DefaultSecurityFilterChain     43 : Creating filter chain: org.springframework.boot.actuate.autoconfigure.ManagementWebSecurityAutoConfiguration$LazyEndpointPathRequestMatcher@1914db5f, [org.springframework.security.web.context.request.async.WebAsyncManagerIntegrationFilter@3d9cf77d, org.springframework.security.web.context.SecurityContextPersistenceFilter@5c183da6, org.springframework.security.web.header.HeaderWriterFilter@493b630a, org.springframework.security.web.authentication.logout.LogoutFilter@78fd0878, org.springframework.security.web.authentication.www.BasicAuthenticationFilter@366f716e, org.springframework.security.web.savedrequest.RequestCacheAwareFilter@722bf119, org.springframework.security.web.servletapi.SecurityContextHolderAwareRequestFilter@609aff65, org.springframework.security.web.authentication.AnonymousAuthenticationFilter@70b515a1, org.springframework.security.web.session.SessionManagementFilter@7f5fb8b, org.springframework.security.web.access.ExceptionTranslationFilter@5dce6a66, org.springframework.security.web.access.intercept.FilterSecurityInterceptor@748b13]
2017-12-10 19:40:27.697  INFO 12764--- [  restartedMain] s.w.s.m.m.a.RequestMappingHandlerAdapter 534 : Looking for @ControllerAdvice: org.springframework.boot.context.embedded.AnnotationConfigEmbeddedWebApplicationContext@3cbbc9cb: startup date [Sun Dec 10 19:40:19 CST 2017]; root of context hierarchy
2017-12-10 19:40:27.791  INFO 12764--- [  restartedMain] s.w.s.m.m.a.RequestMappingHandlerMapping 543 : Mapped "{[/home]}" onto public java.lang.String com.lalin.test.site.blog.mix.one.controller.IndexController.register(org.springframework.ui.Model)
2017-12-10 19:40:27.791  INFO 12764--- [  restartedMain] s.w.s.m.m.a.RequestMappingHandlerMapping 543 : Mapped "{[/],methods=[GET || POST]}" onto public java.lang.String com.lalin.test.site.blog.mix.one.controller.IndexController.root()
2017-12-10 19:40:27.791  INFO 12764--- [  restartedMain] s.w.s.m.m.a.RequestMappingHandlerMapping 543 : Mapped "{[/index],methods=[GET]}" onto public java.lang.String com.lalin.test.site.blog.mix.one.controller.IndexController.home(org.springframework.ui.Model)
2017-12-10 19:40:27.791  INFO 12764--- [  restartedMain] s.w.s.m.m.a.RequestMappingHandlerMapping 543 : Mapped "{[/login]}" onto public java.lang.String com.lalin.test.site.blog.mix.one.controller.IndexController.login()
2017-12-10 19:40:27.791  INFO 12764--- [  restartedMain] s.w.s.m.m.a.RequestMappingHandlerMapping 543 : Mapped "{[/login4]}" onto public java.lang.String com.lalin.test.site.blog.mix.one.controller.IndexController.login4(org.springframework.ui.Model)
2017-12-10 19:40:27.791  INFO 12764--- [  restartedMain] s.w.s.m.m.a.RequestMappingHandlerMapping 543 : Mapped "{[/haveLog]}" onto public java.lang.String com.lalin.test.site.blog.mix.one.controller.IndexController.haveLog()
2017-12-10 19:40:27.791  INFO 12764--- [  restartedMain] s.w.s.m.m.a.RequestMappingHandlerMapping 543 : Mapped "{[/login-error]}" onto public java.lang.String com.lalin.test.site.blog.mix.one.controller.IndexController.loginError(org.springframework.ui.Model)
2017-12-10 19:40:27.806  INFO 12764--- [  restartedMain] s.w.s.m.m.a.RequestMappingHandlerMapping 543 : Mapped "{[/admin/groupBy || /admin/groupBy/{current}]}" onto public java.lang.String com.lalin.test.site.blog.mix.one.controller.ProbeController.filterByType(org.springframework.ui.Model,java.lang.Integer)
2017-12-10 19:40:27.806  INFO 12764--- [  restartedMain] s.w.s.m.m.a.RequestMappingHandlerMapping 543 : Mapped "{[/admin/searchGroup]}" onto public org.springframework.http.ResponseEntity com.lalin.test.site.blog.mix.one.controller.ProbeController.probesByGroup(java.lang.String,org.springframework.ui.Model)
2017-12-10 19:40:27.806  INFO 12764--- [  restartedMain] s.w.s.m.m.a.RequestMappingHandlerMapping 543 : Mapped "{[/admin/return],methods=[POST]}" onto public org.springframework.http.ResponseEntity<java.lang.Integer> com.lalin.test.site.blog.mix.one.controller.ProbeController.ProbeReturn(java.lang.String)
2017-12-10 19:40:27.806  INFO 12764--- [  restartedMain] s.w.s.m.m.a.RequestMappingHandlerMapping 543 : Mapped "{[/admin/searchProbe]}" onto public java.lang.String com.lalin.test.site.blog.mix.one.controller.ProbeController.searchProbe(java.lang.String,org.springframework.ui.Model)
2017-12-10 19:40:27.806  INFO 12764--- [  restartedMain] s.w.s.m.m.a.RequestMappingHandlerMapping 543 : Mapped "{[/admin/borrowProbe],methods=[POST]}" onto public org.springframework.http.ResponseEntity com.lalin.test.site.blog.mix.one.controller.ProbeController.borrowProbe(java.lang.String,java.lang.String,java.lang.String)
2017-12-10 19:40:27.806  INFO 12764--- [  restartedMain] s.w.s.m.m.a.RequestMappingHandlerMapping 543 : Mapped "{[/findname/{name}]}" onto public java.lang.String com.lalin.test.site.blog.mix.one.controller.UserController.find(java.lang.String)
2017-12-10 19:40:27.806  INFO 12764--- [  restartedMain] s.w.s.m.m.a.RequestMappingHandlerMapping 543 : Mapped "{[/find/{id}]}" onto public java.lang.String com.lalin.test.site.blog.mix.one.controller.UserController.find(java.lang.Integer)
2017-12-10 19:40:27.806  INFO 12764--- [  restartedMain] s.w.s.m.m.a.RequestMappingHandlerMapping 543 : Mapped "{[/searchProbe]}" onto public java.lang.String com.lalin.test.site.blog.mix.one.controller.UserController.searchProbe(java.lang.String,org.springframework.ui.Model)
2017-12-10 19:40:27.806  INFO 12764--- [  restartedMain] s.w.s.m.m.a.RequestMappingHandlerMapping 543 : Mapped "{[/register]}" onto public java.lang.String com.lalin.test.site.blog.mix.one.controller.UserController.userSave(java.lang.String,java.lang.String)
2017-12-10 19:40:27.806  INFO 12764--- [  restartedMain] s.w.s.m.m.a.RequestMappingHandlerMapping 543 : Mapped "{[/userNvidia]}" onto public java.lang.String com.lalin.test.site.blog.mix.one.controller.UserController.findNVidiaer(org.springframework.ui.Model)
2017-12-10 19:40:27.806  INFO 12764--- [  restartedMain] s.w.s.m.m.a.RequestMappingHandlerMapping 543 : Mapped "{[/bootLogin]}" onto public java.lang.String com.lalin.test.site.blog.mix.one.controller.UserController.bootLogin()
2017-12-10 19:40:27.806  INFO 12764--- [  restartedMain] s.w.s.m.m.a.RequestMappingHandlerMapping 543 : Mapped "{[/bootLogin2]}" onto public java.lang.String com.lalin.test.site.blog.mix.one.controller.UserController.bootLogin2()
2017-12-10 19:40:27.806  INFO 12764--- [  restartedMain] s.w.s.m.m.a.RequestMappingHandlerMapping 543 : Mapped "{[/bootLogin3]}" onto public java.lang.String com.lalin.test.site.blog.mix.one.controller.UserController.bootLogin3(org.springframework.ui.Model)
2017-12-10 19:40:27.806  INFO 12764--- [  restartedMain] s.w.s.m.m.a.RequestMappingHandlerMapping 543 : Mapped "{[/probeList/{current} || /probeList]}" onto public java.lang.String com.lalin.test.site.blog.mix.one.controller.UserController.ProbeList(org.springframework.ui.Model,java.lang.Integer)
2017-12-10 19:40:27.806  INFO 12764--- [  restartedMain] s.w.s.m.m.a.RequestMappingHandlerMapping 543 : Mapped "{[/probeListTest]}" onto public java.lang.String com.lalin.test.site.blog.mix.one.controller.UserController.ProbeListTest(org.springframework.ui.Model,java.lang.Integer)
2017-12-10 19:40:27.806  INFO 12764--- [  restartedMain] s.w.s.m.m.a.RequestMappingHandlerMapping 543 : Mapped "{[/userBorrow]}" onto public java.lang.String com.lalin.test.site.blog.mix.one.controller.UserController.findNVidiaBorrow(org.springframework.ui.Model)
2017-12-10 19:40:27.806  INFO 12764--- [  restartedMain] s.w.s.m.m.a.RequestMappingHandlerMapping 543 : Mapped "{[/borrowList]}" onto public java.lang.String com.lalin.test.site.blog.mix.one.controller.UserController.borrowList(org.springframework.ui.Model,javax.servlet.http.HttpServletRequest)
2017-12-10 19:40:27.806  INFO 12764--- [  restartedMain] s.w.s.m.m.a.RequestMappingHandlerMapping 543 : Mapped "{[/error]}" onto public org.springframework.http.ResponseEntity<java.util.Map<java.lang.String, java.lang.Object>> org.springframework.boot.autoconfigure.web.BasicErrorController.error(javax.servlet.http.HttpServletRequest)
2017-12-10 19:40:27.806  INFO 12764--- [  restartedMain] s.w.s.m.m.a.RequestMappingHandlerMapping 543 : Mapped "{[/error],produces=[text/html]}" onto public org.springframework.web.servlet.ModelAndView org.springframework.boot.autoconfigure.web.BasicErrorController.errorHtml(javax.servlet.http.HttpServletRequest,javax.servlet.http.HttpServletResponse)
2017-12-10 19:40:27.853  INFO 12764--- [  restartedMain] o.s.w.s.handler.SimpleUrlHandlerMapping  362 : Mapped URL path [/webjars/**] onto handler of type [class org.springframework.web.servlet.resource.ResourceHttpRequestHandler]
2017-12-10 19:40:27.853  INFO 12764--- [  restartedMain] o.s.w.s.handler.SimpleUrlHandlerMapping  362 : Mapped URL path [/**] onto handler of type [class org.springframework.web.servlet.resource.ResourceHttpRequestHandler]
2017-12-10 19:40:27.884  INFO 12764--- [  restartedMain] o.s.w.s.handler.SimpleUrlHandlerMapping  362 : Mapped URL path [/**/favicon.ico] onto handler of type [class org.springframework.web.servlet.resource.ResourceHttpRequestHandler]
2017-12-10 19:40:28.540  INFO 12764--- [  restartedMain] o.s.b.a.e.mvc.EndpointHandlerMapping     543 : Mapped "{[/info || /info.json],methods=[GET],produces=[application/json]}" onto public java.lang.Object org.springframework.boot.actuate.endpoint.mvc.EndpointMvcAdapter.invoke()
2017-12-10 19:40:28.540  INFO 12764--- [  restartedMain] o.s.b.a.e.mvc.EndpointHandlerMapping     543 : Mapped "{[/health || /health.json],produces=[application/json]}" onto public java.lang.Object org.springframework.boot.actuate.endpoint.mvc.HealthMvcEndpoint.invoke(java.security.Principal)
2017-12-10 19:40:28.774  INFO 12764--- [  restartedMain] o.s.b.d.a.OptionalLiveReloadServer       58 : LiveReload server is running on port 35729
2017-12-10 19:40:28.836  INFO 12764--- [  restartedMain] o.s.j.e.a.AnnotationMBeanExporter        431 : Registering beans for JMX exposure on startup
2017-12-10 19:40:28.852  INFO 12764--- [  restartedMain] o.s.c.support.DefaultLifecycleProcessor  343 : Starting beans in phase 0
2017-12-10 19:40:28.961  INFO 12764--- [  restartedMain] s.b.c.e.t.TomcatEmbeddedServletContainer 198 : Tomcat started on port(s): 8090 (http)
2017-12-10 19:40:28.976  INFO 12764--- [  restartedMain] c.l.test.site.blog.mix.one.Application   57 : Started Application in 11.292 seconds (JVM running for 12.27)
2017-12-10 19:40:38.619  INFO 12764--- [nio-8090-exec-1] o.a.c.c.C.[Tomcat].[localhost].[/]       179 : Initializing Spring FrameworkServlet 'dispatcherServlet'
2017-12-10 19:40:38.619  INFO 12764--- [nio-8090-exec-1] o.s.web.servlet.DispatcherServlet        489 : FrameworkServlet 'dispatcherServlet': initialization started
2017-12-10 19:40:38.648  INFO 12764--- [nio-8090-exec-1] o.s.web.servlet.DispatcherServlet        508 : FrameworkServlet 'dispatcherServlet': initialization completed in 29 ms
2017-12-10 19:44:18.172  INFO 7572--- [  restartedMain] c.l.test.site.blog.mix.one.Application   48 : Starting Application on FRZHAO-LT with PID 7572 (C:\Users\frzhao\workspace\IdeaProjects\deviceManage\mix-one\target\classes started by frzhao in C:\Users\frzhao\workspace\IdeaProjects\deviceManage)
2017-12-10 19:44:18.188  INFO 7572--- [  restartedMain] c.l.test.site.blog.mix.one.Application   666 : The following profiles are active: dev
2017-12-10 19:44:18.530  INFO 7572--- [  restartedMain] ationConfigEmbeddedWebApplicationContext 582 : Refreshing org.springframework.boot.context.embedded.AnnotationConfigEmbeddedWebApplicationContext@9bde2d7: startup date [Sun Dec 10 19:44:18 CST 2017]; root of context hierarchy
2017-12-10 19:44:21.324  INFO 7572--- [  restartedMain] trationDelegate$BeanPostProcessorChecker 325 : Bean 'org.springframework.transaction.annotation.ProxyTransactionManagementConfiguration' of type [org.springframework.transaction.annotation.ProxyTransactionManagementConfiguration$$EnhancerBySpringCGLIB$$75f3f53b] is not eligible for getting processed by all BeanPostProcessors (for example: not eligible for auto-proxying)
2017-12-10 19:44:22.164  INFO 7572--- [  restartedMain] s.b.c.e.t.TomcatEmbeddedServletContainer 89 : Tomcat initialized with port(s): 8090 (http)
2017-12-10 19:44:22.180  INFO 7572--- [  restartedMain] o.apache.catalina.core.StandardService   179 : Starting service Tomcat
2017-12-10 19:44:22.195  INFO 7572--- [  restartedMain] org.apache.catalina.core.StandardEngine  179 : Starting Servlet Engine: Apache Tomcat/8.5.11
2017-12-10 19:44:22.329  INFO 7572--- [ost-startStop-1] o.a.c.c.C.[Tomcat].[localhost].[/]       179 : Initializing Spring embedded WebApplicationContext
2017-12-10 19:44:22.329  INFO 7572--- [ost-startStop-1] o.s.web.context.ContextLoader            276 : Root WebApplicationContext: initialization completed in 3799 ms
2017-12-10 19:44:22.781  INFO 7572--- [ost-startStop-1] o.s.b.w.servlet.FilterRegistrationBean   258 : Mapping filter: 'metricsFilter' to: [/*]
2017-12-10 19:44:22.781  INFO 7572--- [ost-startStop-1] o.s.b.w.servlet.FilterRegistrationBean   258 : Mapping filter: 'characterEncodingFilter' to: [/*]
2017-12-10 19:44:22.781  INFO 7572--- [ost-startStop-1] o.s.b.w.servlet.FilterRegistrationBean   258 : Mapping filter: 'hiddenHttpMethodFilter' to: [/*]
2017-12-10 19:44:22.781  INFO 7572--- [ost-startStop-1] o.s.b.w.servlet.FilterRegistrationBean   258 : Mapping filter: 'httpPutFormContentFilter' to: [/*]
2017-12-10 19:44:22.781  INFO 7572--- [ost-startStop-1] o.s.b.w.servlet.FilterRegistrationBean   258 : Mapping filter: 'requestContextFilter' to: [/*]
2017-12-10 19:44:22.781  INFO 7572--- [ost-startStop-1] .s.DelegatingFilterProxyRegistrationBean 258 : Mapping filter: 'springSecurityFilterChain' to: [/*]
2017-12-10 19:44:22.797  INFO 7572--- [ost-startStop-1] o.s.b.w.servlet.FilterRegistrationBean   258 : Mapping filter: 'webRequestLoggingFilter' to: [/*]
2017-12-10 19:44:22.797  INFO 7572--- [ost-startStop-1] o.s.b.w.servlet.FilterRegistrationBean   258 : Mapping filter: 'applicationContextIdFilter' to: [/*]
2017-12-10 19:44:22.797  INFO 7572--- [ost-startStop-1] o.s.b.w.servlet.ServletRegistrationBean  190 : Mapping servlet: 'dispatcherServlet' to [/]
2017-12-10 19:44:23.144  INFO 7572--- [  restartedMain] j.LocalContainerEntityManagerFactoryBean 349 : Building JPA container EntityManagerFactory for persistence unit 'default'
2017-12-10 19:44:23.159  INFO 7572--- [  restartedMain] o.hibernate.jpa.internal.util.LogHelper  31 : HHH000204: Processing PersistenceUnitInfo [
	name: default
	...]
2017-12-10 19:44:23.378  INFO 7572--- [  restartedMain] org.hibernate.Version                    37 : HHH000412: Hibernate Core {5.0.12.Final}
2017-12-10 19:44:23.378  INFO 7572--- [  restartedMain] org.hibernate.cfg.Environment            213 : HHH000206: hibernate.properties not found
2017-12-10 19:44:23.378  INFO 7572--- [  restartedMain] org.hibernate.cfg.Environment            317 : HHH000021: Bytecode provider name : javassist
2017-12-10 19:44:23.409  INFO 7572--- [  restartedMain] o.hibernate.annotations.common.Version   66 : HCANN000001: Hibernate Commons Annotations {5.0.1.Final}
2017-12-10 19:44:23.806  INFO 7572--- [  restartedMain] org.hibernate.dialect.Dialect            156 : HHH000400: Using dialect: org.hibernate.dialect.MySQL5Dialect
2017-12-10 19:44:24.370  INFO 7572--- [  restartedMain] org.hibernate.tool.hbm2ddl.SchemaUpdate  105 : HHH000228: Running hbm2ddl schema update
2017-12-10 19:44:24.543  INFO 7572--- [  restartedMain] j.LocalContainerEntityManagerFactoryBean 379 : Initialized JPA EntityManagerFactory for persistence unit 'default'
2017-12-10 19:44:24.839  INFO 7572--- [  restartedMain] o.h.h.i.QueryTranslatorFactoryInitiator  47 : HHH000397: Using ASTQueryTranslatorFactory
2017-12-10 19:44:26.069  INFO 7572--- [  restartedMain] o.s.s.c.ThreadPoolTaskScheduler          165 : Initializing ExecutorService 
2017-12-10 19:44:26.257  INFO 7572--- [  restartedMain] o.s.s.web.DefaultSecurityFilterChain     43 : Creating filter chain: OrRequestMatcher [requestMatchers=[Ant [pattern='/css/**'], Ant [pattern='/js/**'], Ant [pattern='/images/**'], Ant [pattern='/webjars/**'], Ant [pattern='/**/favicon.ico'], Ant [pattern='/error']]], []
2017-12-10 19:44:26.381  INFO 7572--- [  restartedMain] o.s.s.web.DefaultSecurityFilterChain     43 : Creating filter chain: org.springframework.security.web.util.matcher.AnyRequestMatcher@1, [org.springframework.security.web.context.request.async.WebAsyncManagerIntegrationFilter@542a223a, org.springframework.security.web.context.SecurityContextPersistenceFilter@46feb8ab, org.springframework.security.web.header.HeaderWriterFilter@3fe30ebf, org.springframework.security.web.csrf.CsrfFilter@50be534e, org.springframework.security.web.authentication.logout.LogoutFilter@62f734f1, org.springframework.security.web.authentication.UsernamePasswordAuthenticationFilter@1fb85d82, org.springframework.security.web.savedrequest.RequestCacheAwareFilter@38ad03dd, org.springframework.security.web.servletapi.SecurityContextHolderAwareRequestFilter@61934bff, org.springframework.security.web.authentication.AnonymousAuthenticationFilter@1ba3c379, org.springframework.security.web.session.SessionManagementFilter@4233e9f4, org.springframework.security.web.access.ExceptionTranslationFilter@1acbb306, org.springframework.security.web.access.intercept.FilterSecurityInterceptor@479d728b]
2017-12-10 19:44:26.397  INFO 7572--- [  restartedMain] o.s.s.web.DefaultSecurityFilterChain     43 : Creating filter chain: org.springframework.boot.actuate.autoconfigure.ManagementWebSecurityAutoConfiguration$LazyEndpointPathRequestMatcher@5be929a6, [org.springframework.security.web.context.request.async.WebAsyncManagerIntegrationFilter@47642bca, org.springframework.security.web.context.SecurityContextPersistenceFilter@31c48924, org.springframework.security.web.header.HeaderWriterFilter@4891d414, org.springframework.security.web.authentication.logout.LogoutFilter@d0e22bd, org.springframework.security.web.authentication.www.BasicAuthenticationFilter@135cdd4a, org.springframework.security.web.savedrequest.RequestCacheAwareFilter@61fee2ed, org.springframework.security.web.servletapi.SecurityContextHolderAwareRequestFilter@2789abb2, org.springframework.security.web.authentication.AnonymousAuthenticationFilter@322718e1, org.springframework.security.web.session.SessionManagementFilter@2c40a126, org.springframework.security.web.access.ExceptionTranslationFilter@5dd1a766, org.springframework.security.web.access.intercept.FilterSecurityInterceptor@1211c019]
2017-12-10 19:44:26.569  INFO 7572--- [  restartedMain] s.w.s.m.m.a.RequestMappingHandlerAdapter 534 : Looking for @ControllerAdvice: org.springframework.boot.context.embedded.AnnotationConfigEmbeddedWebApplicationContext@9bde2d7: startup date [Sun Dec 10 19:44:18 CST 2017]; root of context hierarchy
2017-12-10 19:44:26.678  INFO 7572--- [  restartedMain] s.w.s.m.m.a.RequestMappingHandlerMapping 543 : Mapped "{[/home]}" onto public java.lang.String com.lalin.test.site.blog.mix.one.controller.IndexController.register(org.springframework.ui.Model)
2017-12-10 19:44:26.693  INFO 7572--- [  restartedMain] s.w.s.m.m.a.RequestMappingHandlerMapping 543 : Mapped "{[/],methods=[GET || POST]}" onto public java.lang.String com.lalin.test.site.blog.mix.one.controller.IndexController.root()
2017-12-10 19:44:26.693  INFO 7572--- [  restartedMain] s.w.s.m.m.a.RequestMappingHandlerMapping 543 : Mapped "{[/index],methods=[GET]}" onto public java.lang.String com.lalin.test.site.blog.mix.one.controller.IndexController.home(org.springframework.ui.Model)
2017-12-10 19:44:26.693  INFO 7572--- [  restartedMain] s.w.s.m.m.a.RequestMappingHandlerMapping 543 : Mapped "{[/login4]}" onto public java.lang.String com.lalin.test.site.blog.mix.one.controller.IndexController.login4(org.springframework.ui.Model)
2017-12-10 19:44:26.693  INFO 7572--- [  restartedMain] s.w.s.m.m.a.RequestMappingHandlerMapping 543 : Mapped "{[/haveLog]}" onto public java.lang.String com.lalin.test.site.blog.mix.one.controller.IndexController.haveLog()
2017-12-10 19:44:26.693  INFO 7572--- [  restartedMain] s.w.s.m.m.a.RequestMappingHandlerMapping 543 : Mapped "{[/login-error]}" onto public java.lang.String com.lalin.test.site.blog.mix.one.controller.IndexController.loginError(org.springframework.ui.Model)
2017-12-10 19:44:26.693  INFO 7572--- [  restartedMain] s.w.s.m.m.a.RequestMappingHandlerMapping 543 : Mapped "{[/login]}" onto public java.lang.String com.lalin.test.site.blog.mix.one.controller.IndexController.login()
2017-12-10 19:44:26.693  INFO 7572--- [  restartedMain] s.w.s.m.m.a.RequestMappingHandlerMapping 543 : Mapped "{[/admin/groupBy || /admin/groupBy/{current}]}" onto public java.lang.String com.lalin.test.site.blog.mix.one.controller.ProbeController.filterByType(org.springframework.ui.Model,java.lang.Integer)
2017-12-10 19:44:26.693  INFO 7572--- [  restartedMain] s.w.s.m.m.a.RequestMappingHandlerMapping 543 : Mapped "{[/admin/searchGroup]}" onto public org.springframework.http.ResponseEntity com.lalin.test.site.blog.mix.one.controller.ProbeController.probesByGroup(java.lang.String,org.springframework.ui.Model)
2017-12-10 19:44:26.693  INFO 7572--- [  restartedMain] s.w.s.m.m.a.RequestMappingHandlerMapping 543 : Mapped "{[/admin/return],methods=[POST]}" onto public org.springframework.http.ResponseEntity<java.lang.Integer> com.lalin.test.site.blog.mix.one.controller.ProbeController.ProbeReturn(java.lang.String)
2017-12-10 19:44:26.693  INFO 7572--- [  restartedMain] s.w.s.m.m.a.RequestMappingHandlerMapping 543 : Mapped "{[/admin/searchProbe]}" onto public java.lang.String com.lalin.test.site.blog.mix.one.controller.ProbeController.searchProbe(java.lang.String,org.springframework.ui.Model)
2017-12-10 19:44:26.693  INFO 7572--- [  restartedMain] s.w.s.m.m.a.RequestMappingHandlerMapping 543 : Mapped "{[/admin/borrowProbe],methods=[POST]}" onto public org.springframework.http.ResponseEntity com.lalin.test.site.blog.mix.one.controller.ProbeController.borrowProbe(java.lang.String,java.lang.String,java.lang.String)
2017-12-10 19:44:26.709  INFO 7572--- [  restartedMain] s.w.s.m.m.a.RequestMappingHandlerMapping 543 : Mapped "{[/findname/{name}]}" onto public java.lang.String com.lalin.test.site.blog.mix.one.controller.UserController.find(java.lang.String)
2017-12-10 19:44:26.709  INFO 7572--- [  restartedMain] s.w.s.m.m.a.RequestMappingHandlerMapping 543 : Mapped "{[/find/{id}]}" onto public java.lang.String com.lalin.test.site.blog.mix.one.controller.UserController.find(java.lang.Integer)
2017-12-10 19:44:26.709  INFO 7572--- [  restartedMain] s.w.s.m.m.a.RequestMappingHandlerMapping 543 : Mapped "{[/searchProbe]}" onto public java.lang.String com.lalin.test.site.blog.mix.one.controller.UserController.searchProbe(java.lang.String,org.springframework.ui.Model)
2017-12-10 19:44:26.709  INFO 7572--- [  restartedMain] s.w.s.m.m.a.RequestMappingHandlerMapping 543 : Mapped "{[/register]}" onto public java.lang.String com.lalin.test.site.blog.mix.one.controller.UserController.userSave(java.lang.String,java.lang.String)
2017-12-10 19:44:26.709  INFO 7572--- [  restartedMain] s.w.s.m.m.a.RequestMappingHandlerMapping 543 : Mapped "{[/userNvidia]}" onto public java.lang.String com.lalin.test.site.blog.mix.one.controller.UserController.findNVidiaer(org.springframework.ui.Model)
2017-12-10 19:44:26.709  INFO 7572--- [  restartedMain] s.w.s.m.m.a.RequestMappingHandlerMapping 543 : Mapped "{[/bootLogin]}" onto public java.lang.String com.lalin.test.site.blog.mix.one.controller.UserController.bootLogin()
2017-12-10 19:44:26.709  INFO 7572--- [  restartedMain] s.w.s.m.m.a.RequestMappingHandlerMapping 543 : Mapped "{[/bootLogin2]}" onto public java.lang.String com.lalin.test.site.blog.mix.one.controller.UserController.bootLogin2()
2017-12-10 19:44:26.709  INFO 7572--- [  restartedMain] s.w.s.m.m.a.RequestMappingHandlerMapping 543 : Mapped "{[/bootLogin3]}" onto public java.lang.String com.lalin.test.site.blog.mix.one.controller.UserController.bootLogin3(org.springframework.ui.Model)
2017-12-10 19:44:26.709  INFO 7572--- [  restartedMain] s.w.s.m.m.a.RequestMappingHandlerMapping 543 : Mapped "{[/probeList/{current} || /probeList]}" onto public java.lang.String com.lalin.test.site.blog.mix.one.controller.UserController.ProbeList(org.springframework.ui.Model,java.lang.Integer)
2017-12-10 19:44:26.709  INFO 7572--- [  restartedMain] s.w.s.m.m.a.RequestMappingHandlerMapping 543 : Mapped "{[/probeListTest]}" onto public java.lang.String com.lalin.test.site.blog.mix.one.controller.UserController.ProbeListTest(org.springframework.ui.Model,java.lang.Integer)
2017-12-10 19:44:26.709  INFO 7572--- [  restartedMain] s.w.s.m.m.a.RequestMappingHandlerMapping 543 : Mapped "{[/userBorrow]}" onto public java.lang.String com.lalin.test.site.blog.mix.one.controller.UserController.findNVidiaBorrow(org.springframework.ui.Model)
2017-12-10 19:44:26.709  INFO 7572--- [  restartedMain] s.w.s.m.m.a.RequestMappingHandlerMapping 543 : Mapped "{[/borrowList]}" onto public java.lang.String com.lalin.test.site.blog.mix.one.controller.UserController.borrowList(org.springframework.ui.Model,javax.servlet.http.HttpServletRequest)
2017-12-10 19:44:26.709  INFO 7572--- [  restartedMain] s.w.s.m.m.a.RequestMappingHandlerMapping 543 : Mapped "{[/error]}" onto public org.springframework.http.ResponseEntity<java.util.Map<java.lang.String, java.lang.Object>> org.springframework.boot.autoconfigure.web.BasicErrorController.error(javax.servlet.http.HttpServletRequest)
2017-12-10 19:44:26.709  INFO 7572--- [  restartedMain] s.w.s.m.m.a.RequestMappingHandlerMapping 543 : Mapped "{[/error],produces=[text/html]}" onto public org.springframework.web.servlet.ModelAndView org.springframework.boot.autoconfigure.web.BasicErrorController.errorHtml(javax.servlet.http.HttpServletRequest,javax.servlet.http.HttpServletResponse)
2017-12-10 19:44:26.756  INFO 7572--- [  restartedMain] o.s.w.s.handler.SimpleUrlHandlerMapping  362 : Mapped URL path [/webjars/**] onto handler of type [class org.springframework.web.servlet.resource.ResourceHttpRequestHandler]
2017-12-10 19:44:26.756  INFO 7572--- [  restartedMain] o.s.w.s.handler.SimpleUrlHandlerMapping  362 : Mapped URL path [/**] onto handler of type [class org.springframework.web.servlet.resource.ResourceHttpRequestHandler]
2017-12-10 19:44:26.808  INFO 7572--- [  restartedMain] o.s.w.s.handler.SimpleUrlHandlerMapping  362 : Mapped URL path [/**/favicon.ico] onto handler of type [class org.springframework.web.servlet.resource.ResourceHttpRequestHandler]
2017-12-10 19:44:27.373  INFO 7572--- [  restartedMain] o.s.b.a.e.mvc.EndpointHandlerMapping     543 : Mapped "{[/info || /info.json],methods=[GET],produces=[application/json]}" onto public java.lang.Object org.springframework.boot.actuate.endpoint.mvc.EndpointMvcAdapter.invoke()
2017-12-10 19:44:27.373  INFO 7572--- [  restartedMain] o.s.b.a.e.mvc.EndpointHandlerMapping     543 : Mapped "{[/health || /health.json],produces=[application/json]}" onto public java.lang.Object org.springframework.boot.actuate.endpoint.mvc.HealthMvcEndpoint.invoke(java.security.Principal)
2017-12-10 19:44:27.641  INFO 7572--- [  restartedMain] o.s.b.d.a.OptionalLiveReloadServer       58 : LiveReload server is running on port 35729
2017-12-10 19:44:27.719  INFO 7572--- [  restartedMain] o.s.j.e.a.AnnotationMBeanExporter        431 : Registering beans for JMX exposure on startup
2017-12-10 19:44:27.735  INFO 7572--- [  restartedMain] o.s.c.support.DefaultLifecycleProcessor  343 : Starting beans in phase 0
2017-12-10 19:44:27.876  INFO 7572--- [  restartedMain] s.b.c.e.t.TomcatEmbeddedServletContainer 198 : Tomcat started on port(s): 8090 (http)
2017-12-10 19:44:27.891  INFO 7572--- [  restartedMain] c.l.test.site.blog.mix.one.Application   57 : Started Application in 10.84 seconds (JVM running for 12.017)
2017-12-10 19:44:43.334  INFO 7572--- [nio-8090-exec-1] o.a.c.c.C.[Tomcat].[localhost].[/]       179 : Initializing Spring FrameworkServlet 'dispatcherServlet'
2017-12-10 19:44:43.334  INFO 7572--- [nio-8090-exec-1] o.s.web.servlet.DispatcherServlet        489 : FrameworkServlet 'dispatcherServlet': initialization started
2017-12-10 19:44:43.353  INFO 7572--- [nio-8090-exec-1] o.s.web.servlet.DispatcherServlet        508 : FrameworkServlet 'dispatcherServlet': initialization completed in 19 ms
